This file contains any messages produced by compilers while
running configure, to aid debugging if configure makes a mistake.

It was created by configure, which was
generated by GNU Autoconf 2.68.  Invocation command line was

  $ ./configure --disable-option-checking --prefix=/usr/local --without-cpmio --cache-file=/dev/null --srcdir=.

## --------- ##
## Platform. ##
## --------- ##

hostname = osxltcmayer.lan
uname -m = x86_64
uname -r = 17.6.0
uname -s = Darwin
uname -v = Darwin Kernel Version 17.6.0: Tue May  8 15:22:16 PDT 2018; root:xnu-4570.61.1~1/RELEASE_X86_64

/usr/bin/uname -p = i386
/bin/uname -X     = unknown

/bin/arch              = unknown
/usr/bin/arch -k       = unknown
/usr/convex/getsysinfo = unknown
/usr/bin/hostinfo      = Mach kernel version:
	 Darwin Kernel Version 17.6.0: Tue May  8 15:22:16 PDT 2018; root:xnu-4570.61.1~1/RELEASE_X86_64
Kernel configured for up to 8 processors.
4 processors are physically available.
8 processors are logically available.
Processor type: i486 (Intel 80486)
Processors active: 0 1 2 3 4 5 6 7
Primary memory available: 16.00 gigabytes
Default processor set: 331 tasks, 2072 threads, 8 processors
Load average: 3.17, Mach factor: 4.81
/bin/machine           = unknown
/usr/bin/oslevel       = unknown
/bin/universe          = unknown

PATH: /usr/local/bin
PATH: /usr/bin
PATH: /bin
PATH: /usr/sbin
PATH: /sbin
PATH: /usr/texbin
PATH: /usr/local/go/bin
PATH: /usr/local/munki
PATH: /opt/X11/bin
PATH: /usr/local/git/bin
PATH: /Users/cmayer/bin
PATH: /opt/X11/bin
PATH: /opt/parallax/bin


## ----------- ##
## Core tests. ##
## ----------- ##

configure:2273: checking for a BSD-compatible install
configure:2341: result: /usr/local/bin/ginstall -c
configure:2352: checking whether build environment is sane
configure:2402: result: yes
configure:2543: checking for a thread-safe mkdir -p
configure:2582: result: /usr/local/bin/gmkdir -p
configure:2595: checking for gawk
configure:2611: found /usr/local/bin/gawk
configure:2622: result: gawk
configure:2633: checking whether make sets $(MAKE)
configure:2655: result: yes
configure:2766: checking build system type
configure:2780: result: x86_64-apple-darwin17.6.0
configure:2800: checking host system type
configure:2813: result: x86_64-apple-darwin17.6.0
configure:2854: checking how to print strings
configure:2881: result: printf
configure:2914: checking for style of include used by make
configure:2942: result: GNU
configure:3013: checking for gcc
configure:3029: found /usr/bin/gcc
configure:3040: result: gcc
configure:3269: checking for C compiler version
configure:3278: gcc --version >&5
Apple LLVM version 9.1.0 (clang-902.0.39.2)
Target: x86_64-apple-darwin17.6.0
Thread model: posix
InstalledDir: /Applications/Xcode.app/Contents/Developer/Toolchains/XcodeDefault.xctoolchain/usr/bin
Configured with: --prefix=/Applications/Xcode.app/Contents/Developer/usr --with-gxx-include-dir=/Applications/Xcode.app/Contents/Developer/Platforms/MacOSX.platform/Developer/SDKs/MacOSX10.13.sdk/usr/include/c++/4.2.1
configure:3289: $? = 0
configure:3278: gcc -v >&5
Configured with: --prefix=/Applications/Xcode.app/Contents/Developer/usr --with-gxx-include-dir=/Applications/Xcode.app/Contents/Developer/Platforms/MacOSX.platform/Developer/SDKs/MacOSX10.13.sdk/usr/include/c++/4.2.1
Apple LLVM version 9.1.0 (clang-902.0.39.2)
Target: x86_64-apple-darwin17.6.0
Thread model: posix
InstalledDir: /Applications/Xcode.app/Contents/Developer/Toolchains/XcodeDefault.xctoolchain/usr/bin
configure:3289: $? = 0
configure:3278: gcc -V >&5
clang: error: argument to '-V' is missing (expected 1 value)
clang: error: no input files
configure:3289: $? = 1
configure:3278: gcc -qversion >&5
clang: error: unknown argument: '-qversion'
clang: error: no input files
configure:3289: $? = 1
configure:3309: checking whether the C compiler works
configure:3331: gcc    conftest.c  >&5
configure:3335: $? = 0
configure:3383: result: yes
configure:3386: checking for C compiler default output file name
configure:3388: result: a.out
configure:3394: checking for suffix of executables
configure:3401: gcc -o conftest    conftest.c  >&5
configure:3405: $? = 0
configure:3427: result: 
configure:3449: checking whether we are cross compiling
configure:3457: gcc -o conftest    conftest.c  >&5
configure:3461: $? = 0
configure:3468: ./conftest
configure:3472: $? = 0
configure:3487: result: no
configure:3492: checking for suffix of object files
configure:3514: gcc -c   conftest.c >&5
configure:3518: $? = 0
configure:3539: result: o
configure:3543: checking whether we are using the GNU C compiler
configure:3562: gcc -c   conftest.c >&5
configure:3562: $? = 0
configure:3571: result: yes
configure:3580: checking whether gcc accepts -g
configure:3600: gcc -c -g  conftest.c >&5
configure:3600: $? = 0
configure:3641: result: yes
configure:3658: checking for gcc option to accept ISO C89
configure:3722: gcc  -c -g -O2  conftest.c >&5
configure:3722: $? = 0
configure:3735: result: none needed
configure:3757: checking dependency style of gcc
configure:3868: result: gcc3
configure:3883: checking for a sed that does not truncate output
configure:3947: result: /usr/local/bin/gsed
configure:3965: checking for grep that handles long lines and -e
configure:4023: result: /usr/bin/grep
configure:4028: checking for egrep
configure:4090: result: /usr/bin/grep -E
configure:4095: checking for fgrep
configure:4157: result: /usr/bin/grep -F
configure:4192: checking for ld used by gcc
configure:4259: result: /Applications/Xcode.app/Contents/Developer/Toolchains/XcodeDefault.xctoolchain/usr/bin/ld
configure:4266: checking if the linker (/Applications/Xcode.app/Contents/Developer/Toolchains/XcodeDefault.xctoolchain/usr/bin/ld) is GNU ld
configure:4281: result: no
configure:4293: checking for BSD- or MS-compatible name lister (nm)
configure:4342: result: /usr/local/bin/nm -B
configure:4472: checking the name lister (/usr/local/bin/nm -B) interface
configure:4479: gcc -c -g -O2  conftest.c >&5
configure:4482: /usr/local/bin/nm -B "conftest.o"
configure:4485: output
00000000000001dc B _some_variable
configure:4492: result: BSD nm
configure:4495: checking whether ln -s works
configure:4499: result: yes
configure:4507: checking the maximum length of command line arguments
configure:4637: result: 196608
configure:4654: checking whether the shell understands some XSI constructs
configure:4664: result: yes
configure:4668: checking whether the shell understands "+="
configure:4674: result: yes
configure:4709: checking how to convert x86_64-apple-darwin17.6.0 file names to x86_64-apple-darwin17.6.0 format
configure:4749: result: func_convert_file_noop
configure:4756: checking how to convert x86_64-apple-darwin17.6.0 file names to toolchain format
configure:4776: result: func_convert_file_noop
configure:4783: checking for /Applications/Xcode.app/Contents/Developer/Toolchains/XcodeDefault.xctoolchain/usr/bin/ld option to reload object files
configure:4790: result: -r
configure:4864: checking for objdump
configure:4880: found /usr/local/bin/objdump
configure:4891: result: objdump
configure:4923: checking how to recognize dependent libraries
configure:5125: result: pass_all
configure:5210: checking for dlltool
configure:5240: result: no
configure:5270: checking how to associate runtime and link libraries
configure:5297: result: printf %s\n
configure:5358: checking for ar
configure:5374: found /usr/local/bin/ar
configure:5385: result: ar
configure:5422: checking for archiver @FILE support
configure:5439: gcc -c -g -O2  conftest.c >&5
configure:5439: $? = 0
configure:5442: ar cru libconftest.a @conftest.lst >&5
configure:5445: $? = 0
configure:5450: ar cru libconftest.a @conftest.lst >&5
ar: conftest.o: No such file or directory
configure:5453: $? = 1
configure:5465: result: @
configure:5523: checking for strip
configure:5539: found /usr/local/bin/strip
configure:5550: result: strip
configure:5622: checking for ranlib
configure:5638: found /usr/bin/ranlib
configure:5649: result: ranlib
configure:5751: checking command to parse /usr/local/bin/nm -B output from gcc object
configure:5871: gcc -c -g -O2  conftest.c >&5
configure:5874: $? = 0
configure:5878: /usr/local/bin/nm -B conftest.o \| sed -n -e 's/^.*[ ]\([ABCDGIRSTW][ABCDGIRSTW]*\)[ ][ ]*\([_A-Za-z][_A-Za-z0-9]*\)$/\1 \2 \2/p' | sed '/ __gnu_lto/d' \> conftest.nm
configure:5881: $? = 0
cannot find nm_test_var in conftest.nm
configure:5871: gcc -c -g -O2  conftest.c >&5
configure:5874: $? = 0
configure:5878: /usr/local/bin/nm -B conftest.o \| sed -n -e 's/^.*[ ]\([ABCDGIRSTW][ABCDGIRSTW]*\)[ ][ ]*_\([_A-Za-z][_A-Za-z0-9]*\)$/\1 _\2 \2/p' | sed '/ __gnu_lto/d' \> conftest.nm
configure:5881: $? = 0
configure:5947: gcc -o conftest -g -O2   conftest.c conftstm.o >&5
warning: (x86_64)  could not find object file symbol for symbol _main
configure:5950: $? = 0
configure:5988: result: ok
configure:6025: checking for sysroot
configure:6055: result: no
configure:6311: checking for mt
configure:6341: result: no
configure:6361: checking if : is a manifest tool
configure:6367: : '-?'
configure:6375: result: no
configure:6431: checking for dsymutil
configure:6447: found /usr/bin/dsymutil
configure:6458: result: dsymutil
configure:6523: checking for nmedit
configure:6539: found /usr/bin/nmedit
configure:6550: result: nmedit
configure:6615: checking for lipo
configure:6631: found /usr/bin/lipo
configure:6642: result: lipo
configure:6707: checking for otool
configure:6723: found /usr/bin/otool
configure:6734: result: otool
configure:6799: checking for otool64
configure:6829: result: no
configure:6874: checking for -single_module linker flag
gcc -g -O2  -o libconftest.dylib -dynamiclib -Wl,-single_module conftest.c
configure:6907: result: yes
configure:6910: checking for -exported_symbols_list linker flag
configure:6930: gcc -o conftest -g -O2   -Wl,-exported_symbols_list,conftest.sym conftest.c  >&5
configure:6930: $? = 0
configure:6940: result: yes
configure:6943: checking for -force_load linker flag
gcc -g -O2 -c -o conftest.o conftest.c
ar cru libconftest.a conftest.o
ranlib libconftest.a
gcc -g -O2  -o conftest conftest.c -Wl,-force_load,./libconftest.a
configure:6975: result: yes
configure:7017: checking how to run the C preprocessor
configure:7048: gcc -E  conftest.c
configure:7048: $? = 0
configure:7062: gcc -E  conftest.c
conftest.c:11:10: fatal error: 'ac_nonexistent.h' file not found
#include <ac_nonexistent.h>
         ^~~~~~~~~~~~~~~~~~
1 error generated.
configure:7062: $? = 1
configure: failed program was:
| /* confdefs.h */
| #define PACKAGE_NAME ""
| #define PACKAGE_TARNAME ""
| #define PACKAGE_VERSION ""
| #define PACKAGE_STRING ""
| #define PACKAGE_BUGREPORT ""
| #define PACKAGE_URL ""
| #define PACKAGE "cpmredir"
| #define VERSION "1.1.4"
| /* end confdefs.h.  */
| #include <ac_nonexistent.h>
configure:7087: result: gcc -E
configure:7107: gcc -E  conftest.c
configure:7107: $? = 0
configure:7121: gcc -E  conftest.c
conftest.c:11:10: fatal error: 'ac_nonexistent.h' file not found
#include <ac_nonexistent.h>
         ^~~~~~~~~~~~~~~~~~
1 error generated.
configure:7121: $? = 1
configure: failed program was:
| /* confdefs.h */
| #define PACKAGE_NAME ""
| #define PACKAGE_TARNAME ""
| #define PACKAGE_VERSION ""
| #define PACKAGE_STRING ""
| #define PACKAGE_BUGREPORT ""
| #define PACKAGE_URL ""
| #define PACKAGE "cpmredir"
| #define VERSION "1.1.4"
| /* end confdefs.h.  */
| #include <ac_nonexistent.h>
configure:7150: checking for ANSI C header files
configure:7170: gcc -c -g -O2  conftest.c >&5
configure:7170: $? = 0
configure:7243: gcc -o conftest -g -O2   conftest.c  >&5
configure:7243: $? = 0
configure:7243: ./conftest
configure:7243: $? = 0
configure:7254: result: yes
configure:7267: checking for sys/types.h
configure:7267: gcc -c -g -O2  conftest.c >&5
configure:7267: $? = 0
configure:7267: result: yes
configure:7267: checking for sys/stat.h
configure:7267: gcc -c -g -O2  conftest.c >&5
configure:7267: $? = 0
configure:7267: result: yes
configure:7267: checking for stdlib.h
configure:7267: gcc -c -g -O2  conftest.c >&5
configure:7267: $? = 0
configure:7267: result: yes
configure:7267: checking for string.h
configure:7267: gcc -c -g -O2  conftest.c >&5
configure:7267: $? = 0
configure:7267: result: yes
configure:7267: checking for memory.h
configure:7267: gcc -c -g -O2  conftest.c >&5
configure:7267: $? = 0
configure:7267: result: yes
configure:7267: checking for strings.h
configure:7267: gcc -c -g -O2  conftest.c >&5
configure:7267: $? = 0
configure:7267: result: yes
configure:7267: checking for inttypes.h
configure:7267: gcc -c -g -O2  conftest.c >&5
configure:7267: $? = 0
configure:7267: result: yes
configure:7267: checking for stdint.h
configure:7267: gcc -c -g -O2  conftest.c >&5
configure:7267: $? = 0
configure:7267: result: yes
configure:7267: checking for unistd.h
configure:7267: gcc -c -g -O2  conftest.c >&5
configure:7267: $? = 0
configure:7267: result: yes
configure:7281: checking for dlfcn.h
configure:7281: gcc -c -g -O2  conftest.c >&5
configure:7281: $? = 0
configure:7281: result: yes
configure:7487: checking for objdir
configure:7502: result: .libs
configure:7773: checking if gcc supports -fno-rtti -fno-exceptions
configure:7791: gcc -c -g -O2  -fno-rtti -fno-exceptions conftest.c >&5
configure:7795: $? = 0
configure:7808: result: yes
configure:8135: checking for gcc option to produce PIC
configure:8142: result: -fno-common -DPIC
configure:8150: checking if gcc PIC flag -fno-common -DPIC works
configure:8168: gcc -c -g -O2  -fno-common -DPIC -DPIC conftest.c >&5
configure:8172: $? = 0
configure:8185: result: yes
configure:8214: checking if gcc static flag -static works
configure:8242: result: no
configure:8257: checking if gcc supports -c -o file.o
configure:8278: gcc -c -g -O2  -o out/conftest2.o conftest.c >&5
configure:8282: $? = 0
configure:8304: result: yes
configure:8312: checking if gcc supports -c -o file.o
configure:8359: result: yes
configure:8392: checking whether the gcc linker (/Applications/Xcode.app/Contents/Developer/Toolchains/XcodeDefault.xctoolchain/usr/bin/ld) supports shared libraries
configure:9549: result: yes
configure:9789: checking dynamic linker characteristics
configure:10534: result: darwin17.6.0 dyld
configure:10641: checking how to hardcode library paths into programs
configure:10666: result: immediate
configure:11206: checking whether stripping libraries is possible
configure:11211: result: yes
configure:11246: checking if libtool supports shared libraries
configure:11248: result: yes
configure:11251: checking whether to build shared libraries
configure:11272: result: yes
configure:11275: checking whether to build static libraries
configure:11279: result: yes
configure:11365: checking for gcc
configure:11392: result: gcc
configure:11621: checking for C compiler version
configure:11630: gcc --version >&5
Apple LLVM version 9.1.0 (clang-902.0.39.2)
Target: x86_64-apple-darwin17.6.0
Thread model: posix
InstalledDir: /Applications/Xcode.app/Contents/Developer/Toolchains/XcodeDefault.xctoolchain/usr/bin
Configured with: --prefix=/Applications/Xcode.app/Contents/Developer/usr --with-gxx-include-dir=/Applications/Xcode.app/Contents/Developer/Platforms/MacOSX.platform/Developer/SDKs/MacOSX10.13.sdk/usr/include/c++/4.2.1
configure:11641: $? = 0
configure:11630: gcc -v >&5
Configured with: --prefix=/Applications/Xcode.app/Contents/Developer/usr --with-gxx-include-dir=/Applications/Xcode.app/Contents/Developer/Platforms/MacOSX.platform/Developer/SDKs/MacOSX10.13.sdk/usr/include/c++/4.2.1
Apple LLVM version 9.1.0 (clang-902.0.39.2)
Target: x86_64-apple-darwin17.6.0
Thread model: posix
InstalledDir: /Applications/Xcode.app/Contents/Developer/Toolchains/XcodeDefault.xctoolchain/usr/bin
configure:11641: $? = 0
configure:11630: gcc -V >&5
clang: error: argument to '-V' is missing (expected 1 value)
clang: error: no input files
configure:11641: $? = 1
configure:11630: gcc -qversion >&5
clang: error: unknown argument: '-qversion'
clang: error: no input files
configure:11641: $? = 1
configure:11645: checking whether we are using the GNU C compiler
configure:11673: result: yes
configure:11682: checking whether gcc accepts -g
configure:11743: result: yes
configure:11760: checking for gcc option to accept ISO C89
configure:11837: result: none needed
configure:11859: checking dependency style of gcc
configure:11970: result: gcc3
configure:11990: checking for dirent.h that defines DIR
configure:12009: gcc -c -g -O2  conftest.c >&5
configure:12009: $? = 0
configure:12017: result: yes
configure:12030: checking for library containing opendir
configure:12061: gcc -o conftest -g -O2   conftest.c  >&5
configure:12061: $? = 0
configure:12078: result: none required
configure:12145: checking for ANSI C header files
configure:12249: result: yes
configure:12260: checking fcntl.h usability
configure:12260: gcc -c -g -O2  conftest.c >&5
configure:12260: $? = 0
configure:12260: result: yes
configure:12260: checking fcntl.h presence
configure:12260: gcc -E  conftest.c
configure:12260: $? = 0
configure:12260: result: yes
configure:12260: checking for fcntl.h
configure:12260: result: yes
configure:12260: checking for unistd.h
configure:12260: result: yes
configure:12260: checking sys/vfs.h usability
configure:12260: gcc -c -g -O2  conftest.c >&5
conftest.c:60:10: fatal error: 'sys/vfs.h' file not found
#include <sys/vfs.h>
         ^~~~~~~~~~~
1 error generated.
configure:12260: $? = 1
configure: failed program was:
| /* confdefs.h */
| #define PACKAGE_NAME ""
| #define PACKAGE_TARNAME ""
| #define PACKAGE_VERSION ""
| #define PACKAGE_STRING ""
| #define PACKAGE_BUGREPORT ""
| #define PACKAGE_URL ""
| #define PACKAGE "cpmredir"
| #define VERSION "1.1.4"
| #define STDC_HEADERS 1
| #define HAVE_SYS_TYPES_H 1
| #define HAVE_SYS_STAT_H 1
| #define HAVE_STDLIB_H 1
| #define HAVE_STRING_H 1
| #define HAVE_MEMORY_H 1
| #define HAVE_STRINGS_H 1
| #define HAVE_INTTYPES_H 1
| #define HAVE_STDINT_H 1
| #define HAVE_UNISTD_H 1
| #define HAVE_DLFCN_H 1
| #define LT_OBJDIR ".libs/"
| #define HAVE_DIRENT_H 1
| #define STDC_HEADERS 1
| #define HAVE_FCNTL_H 1
| #define HAVE_UNISTD_H 1
| /* end confdefs.h.  */
| #include <stdio.h>
| #ifdef HAVE_SYS_TYPES_H
| # include <sys/types.h>
| #endif
| #ifdef HAVE_SYS_STAT_H
| # include <sys/stat.h>
| #endif
| #ifdef STDC_HEADERS
| # include <stdlib.h>
| # include <stddef.h>
| #else
| # ifdef HAVE_STDLIB_H
| #  include <stdlib.h>
| # endif
| #endif
| #ifdef HAVE_STRING_H
| # if !defined STDC_HEADERS && defined HAVE_MEMORY_H
| #  include <memory.h>
| # endif
| # include <string.h>
| #endif
| #ifdef HAVE_STRINGS_H
| # include <strings.h>
| #endif
| #ifdef HAVE_INTTYPES_H
| # include <inttypes.h>
| #endif
| #ifdef HAVE_STDINT_H
| # include <stdint.h>
| #endif
| #ifdef HAVE_UNISTD_H
| # include <unistd.h>
| #endif
| #include <sys/vfs.h>
configure:12260: result: no
configure:12260: checking sys/vfs.h presence
configure:12260: gcc -E  conftest.c
conftest.c:27:10: fatal error: 'sys/vfs.h' file not found
#include <sys/vfs.h>
         ^~~~~~~~~~~
1 error generated.
configure:12260: $? = 1
configure: failed program was:
| /* confdefs.h */
| #define PACKAGE_NAME ""
| #define PACKAGE_TARNAME ""
| #define PACKAGE_VERSION ""
| #define PACKAGE_STRING ""
| #define PACKAGE_BUGREPORT ""
| #define PACKAGE_URL ""
| #define PACKAGE "cpmredir"
| #define VERSION "1.1.4"
| #define STDC_HEADERS 1
| #define HAVE_SYS_TYPES_H 1
| #define HAVE_SYS_STAT_H 1
| #define HAVE_STDLIB_H 1
| #define HAVE_STRING_H 1
| #define HAVE_MEMORY_H 1
| #define HAVE_STRINGS_H 1
| #define HAVE_INTTYPES_H 1
| #define HAVE_STDINT_H 1
| #define HAVE_UNISTD_H 1
| #define HAVE_DLFCN_H 1
| #define LT_OBJDIR ".libs/"
| #define HAVE_DIRENT_H 1
| #define STDC_HEADERS 1
| #define HAVE_FCNTL_H 1
| #define HAVE_UNISTD_H 1
| /* end confdefs.h.  */
| #include <sys/vfs.h>
configure:12260: result: no
configure:12260: checking for sys/vfs.h
configure:12260: result: no
configure:12260: checking windows.h usability
configure:12260: gcc -c -g -O2  conftest.c >&5
conftest.c:60:10: fatal error: 'windows.h' file not found
#include <windows.h>
         ^~~~~~~~~~~
1 error generated.
configure:12260: $? = 1
configure: failed program was:
| /* confdefs.h */
| #define PACKAGE_NAME ""
| #define PACKAGE_TARNAME ""
| #define PACKAGE_VERSION ""
| #define PACKAGE_STRING ""
| #define PACKAGE_BUGREPORT ""
| #define PACKAGE_URL ""
| #define PACKAGE "cpmredir"
| #define VERSION "1.1.4"
| #define STDC_HEADERS 1
| #define HAVE_SYS_TYPES_H 1
| #define HAVE_SYS_STAT_H 1
| #define HAVE_STDLIB_H 1
| #define HAVE_STRING_H 1
| #define HAVE_MEMORY_H 1
| #define HAVE_STRINGS_H 1
| #define HAVE_INTTYPES_H 1
| #define HAVE_STDINT_H 1
| #define HAVE_UNISTD_H 1
| #define HAVE_DLFCN_H 1
| #define LT_OBJDIR ".libs/"
| #define HAVE_DIRENT_H 1
| #define STDC_HEADERS 1
| #define HAVE_FCNTL_H 1
| #define HAVE_UNISTD_H 1
| /* end confdefs.h.  */
| #include <stdio.h>
| #ifdef HAVE_SYS_TYPES_H
| # include <sys/types.h>
| #endif
| #ifdef HAVE_SYS_STAT_H
| # include <sys/stat.h>
| #endif
| #ifdef STDC_HEADERS
| # include <stdlib.h>
| # include <stddef.h>
| #else
| # ifdef HAVE_STDLIB_H
| #  include <stdlib.h>
| # endif
| #endif
| #ifdef HAVE_STRING_H
| # if !defined STDC_HEADERS && defined HAVE_MEMORY_H
| #  include <memory.h>
| # endif
| # include <string.h>
| #endif
| #ifdef HAVE_STRINGS_H
| # include <strings.h>
| #endif
| #ifdef HAVE_INTTYPES_H
| # include <inttypes.h>
| #endif
| #ifdef HAVE_STDINT_H
| # include <stdint.h>
| #endif
| #ifdef HAVE_UNISTD_H
| # include <unistd.h>
| #endif
| #include <windows.h>
configure:12260: result: no
configure:12260: checking windows.h presence
configure:12260: gcc -E  conftest.c
conftest.c:27:10: fatal error: 'windows.h' file not found
#include <windows.h>
         ^~~~~~~~~~~
1 error generated.
configure:12260: $? = 1
configure: failed program was:
| /* confdefs.h */
| #define PACKAGE_NAME ""
| #define PACKAGE_TARNAME ""
| #define PACKAGE_VERSION ""
| #define PACKAGE_STRING ""
| #define PACKAGE_BUGREPORT ""
| #define PACKAGE_URL ""
| #define PACKAGE "cpmredir"
| #define VERSION "1.1.4"
| #define STDC_HEADERS 1
| #define HAVE_SYS_TYPES_H 1
| #define HAVE_SYS_STAT_H 1
| #define HAVE_STDLIB_H 1
| #define HAVE_STRING_H 1
| #define HAVE_MEMORY_H 1
| #define HAVE_STRINGS_H 1
| #define HAVE_INTTYPES_H 1
| #define HAVE_STDINT_H 1
| #define HAVE_UNISTD_H 1
| #define HAVE_DLFCN_H 1
| #define LT_OBJDIR ".libs/"
| #define HAVE_DIRENT_H 1
| #define STDC_HEADERS 1
| #define HAVE_FCNTL_H 1
| #define HAVE_UNISTD_H 1
| /* end confdefs.h.  */
| #include <windows.h>
configure:12260: result: no
configure:12260: checking for windows.h
configure:12260: result: no
configure:12260: checking winnt.h usability
configure:12260: gcc -c -g -O2  conftest.c >&5
conftest.c:60:10: fatal error: 'winnt.h' file not found
#include <winnt.h>
         ^~~~~~~~~
1 error generated.
configure:12260: $? = 1
configure: failed program was:
| /* confdefs.h */
| #define PACKAGE_NAME ""
| #define PACKAGE_TARNAME ""
| #define PACKAGE_VERSION ""
| #define PACKAGE_STRING ""
| #define PACKAGE_BUGREPORT ""
| #define PACKAGE_URL ""
| #define PACKAGE "cpmredir"
| #define VERSION "1.1.4"
| #define STDC_HEADERS 1
| #define HAVE_SYS_TYPES_H 1
| #define HAVE_SYS_STAT_H 1
| #define HAVE_STDLIB_H 1
| #define HAVE_STRING_H 1
| #define HAVE_MEMORY_H 1
| #define HAVE_STRINGS_H 1
| #define HAVE_INTTYPES_H 1
| #define HAVE_STDINT_H 1
| #define HAVE_UNISTD_H 1
| #define HAVE_DLFCN_H 1
| #define LT_OBJDIR ".libs/"
| #define HAVE_DIRENT_H 1
| #define STDC_HEADERS 1
| #define HAVE_FCNTL_H 1
| #define HAVE_UNISTD_H 1
| /* end confdefs.h.  */
| #include <stdio.h>
| #ifdef HAVE_SYS_TYPES_H
| # include <sys/types.h>
| #endif
| #ifdef HAVE_SYS_STAT_H
| # include <sys/stat.h>
| #endif
| #ifdef STDC_HEADERS
| # include <stdlib.h>
| # include <stddef.h>
| #else
| # ifdef HAVE_STDLIB_H
| #  include <stdlib.h>
| # endif
| #endif
| #ifdef HAVE_STRING_H
| # if !defined STDC_HEADERS && defined HAVE_MEMORY_H
| #  include <memory.h>
| # endif
| # include <string.h>
| #endif
| #ifdef HAVE_STRINGS_H
| # include <strings.h>
| #endif
| #ifdef HAVE_INTTYPES_H
| # include <inttypes.h>
| #endif
| #ifdef HAVE_STDINT_H
| # include <stdint.h>
| #endif
| #ifdef HAVE_UNISTD_H
| # include <unistd.h>
| #endif
| #include <winnt.h>
configure:12260: result: no
configure:12260: checking winnt.h presence
configure:12260: gcc -E  conftest.c
conftest.c:27:10: fatal error: 'winnt.h' file not found
#include <winnt.h>
         ^~~~~~~~~
1 error generated.
configure:12260: $? = 1
configure: failed program was:
| /* confdefs.h */
| #define PACKAGE_NAME ""
| #define PACKAGE_TARNAME ""
| #define PACKAGE_VERSION ""
| #define PACKAGE_STRING ""
| #define PACKAGE_BUGREPORT ""
| #define PACKAGE_URL ""
| #define PACKAGE "cpmredir"
| #define VERSION "1.1.4"
| #define STDC_HEADERS 1
| #define HAVE_SYS_TYPES_H 1
| #define HAVE_SYS_STAT_H 1
| #define HAVE_STDLIB_H 1
| #define HAVE_STRING_H 1
| #define HAVE_MEMORY_H 1
| #define HAVE_STRINGS_H 1
| #define HAVE_INTTYPES_H 1
| #define HAVE_STDINT_H 1
| #define HAVE_UNISTD_H 1
| #define HAVE_DLFCN_H 1
| #define LT_OBJDIR ".libs/"
| #define HAVE_DIRENT_H 1
| #define STDC_HEADERS 1
| #define HAVE_FCNTL_H 1
| #define HAVE_UNISTD_H 1
| /* end confdefs.h.  */
| #include <winnt.h>
configure:12260: result: no
configure:12260: checking for winnt.h
configure:12260: result: no
configure:12260: checking utime.h usability
configure:12260: gcc -c -g -O2  conftest.c >&5
configure:12260: $? = 0
configure:12260: result: yes
configure:12260: checking utime.h presence
configure:12260: gcc -E  conftest.c
configure:12260: $? = 0
configure:12260: result: yes
configure:12260: checking for utime.h
configure:12260: result: yes
configure:12271: checking for off_t
configure:12271: gcc -c -g -O2  conftest.c >&5
configure:12271: $? = 0
configure:12271: gcc -c -g -O2  conftest.c >&5
conftest.c:64:20: error: expected expression
if (sizeof ((off_t)))
                   ^
1 error generated.
configure:12271: $? = 1
configure: failed program was:
| /* confdefs.h */
| #define PACKAGE_NAME ""
| #define PACKAGE_TARNAME ""
| #define PACKAGE_VERSION ""
| #define PACKAGE_STRING ""
| #define PACKAGE_BUGREPORT ""
| #define PACKAGE_URL ""
| #define PACKAGE "cpmredir"
| #define VERSION "1.1.4"
| #define STDC_HEADERS 1
| #define HAVE_SYS_TYPES_H 1
| #define HAVE_SYS_STAT_H 1
| #define HAVE_STDLIB_H 1
| #define HAVE_STRING_H 1
| #define HAVE_MEMORY_H 1
| #define HAVE_STRINGS_H 1
| #define HAVE_INTTYPES_H 1
| #define HAVE_STDINT_H 1
| #define HAVE_UNISTD_H 1
| #define HAVE_DLFCN_H 1
| #define LT_OBJDIR ".libs/"
| #define HAVE_DIRENT_H 1
| #define STDC_HEADERS 1
| #define HAVE_FCNTL_H 1
| #define HAVE_UNISTD_H 1
| #define HAVE_UTIME_H 1
| /* end confdefs.h.  */
| #include <stdio.h>
| #ifdef HAVE_SYS_TYPES_H
| # include <sys/types.h>
| #endif
| #ifdef HAVE_SYS_STAT_H
| # include <sys/stat.h>
| #endif
| #ifdef STDC_HEADERS
| # include <stdlib.h>
| # include <stddef.h>
| #else
| # ifdef HAVE_STDLIB_H
| #  include <stdlib.h>
| # endif
| #endif
| #ifdef HAVE_STRING_H
| # if !defined STDC_HEADERS && defined HAVE_MEMORY_H
| #  include <memory.h>
| # endif
| # include <string.h>
| #endif
| #ifdef HAVE_STRINGS_H
| # include <strings.h>
| #endif
| #ifdef HAVE_INTTYPES_H
| # include <inttypes.h>
| #endif
| #ifdef HAVE_STDINT_H
| # include <stdint.h>
| #endif
| #ifdef HAVE_UNISTD_H
| # include <unistd.h>
| #endif
| int
| main ()
| {
| if (sizeof ((off_t)))
| 	    return 0;
|   ;
|   return 0;
| }
configure:12271: result: yes
configure:12283: checking for working memcmp
configure:12326: gcc -o conftest -g -O2   conftest.c  >&5
configure:12326: $? = 0
configure:12326: ./conftest
configure:12326: $? = 0
configure:12336: result: yes
configure:12351: checking for utime.h
configure:12351: result: yes
configure:12365: checking whether utime accepts a null argument
configure:12394: gcc -o conftest -g -O2   conftest.c  >&5
configure:12394: $? = 0
configure:12394: ./conftest
configure:12394: $? = 0
configure:12404: result: yes
configure:12416: checking for vprintf
configure:12416: gcc -o conftest -g -O2   conftest.c  >&5
conftest.c:53:6: warning: incompatible redeclaration of library function 'vprintf' [-Wincompatible-library-redeclaration]
char vprintf ();
     ^
conftest.c:53:6: note: 'vprintf' is a builtin with type 'int (const char *, struct __va_list_tag *)'
1 warning generated.
configure:12416: $? = 0
configure:12416: result: yes
configure:12422: checking for _doprnt
configure:12422: gcc -o conftest -g -O2   conftest.c  >&5
Undefined symbols for architecture x86_64:
  "__doprnt", referenced from:
      _main in conftest-62c403.o
ld: symbol(s) not found for architecture x86_64
clang: error: linker command failed with exit code 1 (use -v to see invocation)
configure:12422: $? = 1
configure: failed program was:
| /* confdefs.h */
| #define PACKAGE_NAME ""
| #define PACKAGE_TARNAME ""
| #define PACKAGE_VERSION ""
| #define PACKAGE_STRING ""
| #define PACKAGE_BUGREPORT ""
| #define PACKAGE_URL ""
| #define PACKAGE "cpmredir"
| #define VERSION "1.1.4"
| #define STDC_HEADERS 1
| #define HAVE_SYS_TYPES_H 1
| #define HAVE_SYS_STAT_H 1
| #define HAVE_STDLIB_H 1
| #define HAVE_STRING_H 1
| #define HAVE_MEMORY_H 1
| #define HAVE_STRINGS_H 1
| #define HAVE_INTTYPES_H 1
| #define HAVE_STDINT_H 1
| #define HAVE_UNISTD_H 1
| #define HAVE_DLFCN_H 1
| #define LT_OBJDIR ".libs/"
| #define HAVE_DIRENT_H 1
| #define STDC_HEADERS 1
| #define HAVE_FCNTL_H 1
| #define HAVE_UNISTD_H 1
| #define HAVE_UTIME_H 1
| #define HAVE_UTIME_H 1
| #define HAVE_UTIME_NULL 1
| #define HAVE_VPRINTF 1
| /* end confdefs.h.  */
| /* Define _doprnt to an innocuous variant, in case <limits.h> declares _doprnt.
|    For example, HP-UX 11i <limits.h> declares gettimeofday.  */
| #define _doprnt innocuous__doprnt
| 
| /* System header to define __stub macros and hopefully few prototypes,
|     which can conflict with char _doprnt (); below.
|     Prefer <limits.h> to <assert.h> if __STDC__ is defined, since
|     <limits.h> exists even on freestanding compilers.  */
| 
| #ifdef __STDC__
| # include <limits.h>
| #else
| # include <assert.h>
| #endif
| 
| #undef _doprnt
| 
| /* Override any GCC internal prototype to avoid an error.
|    Use char because int might match the return type of a GCC
|    builtin and then its argument prototype would still apply.  */
| #ifdef __cplusplus
| extern "C"
| #endif
| char _doprnt ();
| /* The GNU C library defines this for functions which it implements
|     to always fail with ENOSYS.  Some functions are actually named
|     something starting with __ and the normal name is an alias.  */
| #if defined __stub__doprnt || defined __stub____doprnt
| choke me
| #endif
| 
| int
| main ()
| {
| return _doprnt ();
|   ;
|   return 0;
| }
configure:12422: result: no
configure:12436: checking for mkdir
configure:12436: gcc -o conftest -g -O2   conftest.c  >&5
configure:12436: $? = 0
configure:12436: result: yes
configure:12436: checking for rmdir
configure:12436: gcc -o conftest -g -O2   conftest.c  >&5
configure:12436: $? = 0
configure:12436: result: yes
configure:12582: creating ./config.status

## ---------------------- ##
## Running config.status. ##
## ---------------------- ##

This file was extended by config.status, which was
generated by GNU Autoconf 2.68.  Invocation command line was

  CONFIG_FILES    = 
  CONFIG_HEADERS  = 
  CONFIG_LINKS    = 
  CONFIG_COMMANDS = 
  $ ./config.status 

on osxltcmayer.lan

config.status:1097: creating Makefile
config.status:1097: creating include/Makefile
config.status:1097: creating lib/Makefile
config.status:1097: creating config.h
config.status:1278: config.h is unchanged
config.status:1326: executing depfiles commands
config.status:1326: executing libtool commands

## ---------------- ##
## Cache variables. ##
## ---------------- ##

ac_cv_build=x86_64-apple-darwin17.6.0
ac_cv_c_compiler_gnu=yes
ac_cv_env_CC_set=
ac_cv_env_CC_value=
ac_cv_env_CFLAGS_set=
ac_cv_env_CFLAGS_value=
ac_cv_env_CPPFLAGS_set=
ac_cv_env_CPPFLAGS_value=
ac_cv_env_CPP_set=
ac_cv_env_CPP_value=
ac_cv_env_LDFLAGS_set=
ac_cv_env_LDFLAGS_value=
ac_cv_env_LIBS_set=
ac_cv_env_LIBS_value=
ac_cv_env_build_alias_set=
ac_cv_env_build_alias_value=
ac_cv_env_host_alias_set=
ac_cv_env_host_alias_value=
ac_cv_env_target_alias_set=
ac_cv_env_target_alias_value=
ac_cv_func__doprnt=no
ac_cv_func_memcmp_working=yes
ac_cv_func_mkdir=yes
ac_cv_func_rmdir=yes
ac_cv_func_utime_null=yes
ac_cv_func_vprintf=yes
ac_cv_header_dirent_dirent_h=yes
ac_cv_header_dlfcn_h=yes
ac_cv_header_fcntl_h=yes
ac_cv_header_inttypes_h=yes
ac_cv_header_memory_h=yes
ac_cv_header_stdc=yes
ac_cv_header_stdint_h=yes
ac_cv_header_stdlib_h=yes
ac_cv_header_string_h=yes
ac_cv_header_strings_h=yes
ac_cv_header_sys_stat_h=yes
ac_cv_header_sys_types_h=yes
ac_cv_header_sys_vfs_h=no
ac_cv_header_unistd_h=yes
ac_cv_header_utime_h=yes
ac_cv_header_windows_h=no
ac_cv_header_winnt_h=no
ac_cv_host=x86_64-apple-darwin17.6.0
ac_cv_objext=o
ac_cv_path_EGREP='/usr/bin/grep -E'
ac_cv_path_FGREP='/usr/bin/grep -F'
ac_cv_path_GREP=/usr/bin/grep
ac_cv_path_SED=/usr/local/bin/gsed
ac_cv_path_install='/usr/local/bin/ginstall -c'
ac_cv_path_mkdir=/usr/local/bin/gmkdir
ac_cv_prog_AWK=gawk
ac_cv_prog_CPP='gcc -E'
ac_cv_prog_ac_ct_AR=ar
ac_cv_prog_ac_ct_CC=gcc
ac_cv_prog_ac_ct_DSYMUTIL=dsymutil
ac_cv_prog_ac_ct_LIPO=lipo
ac_cv_prog_ac_ct_NMEDIT=nmedit
ac_cv_prog_ac_ct_OBJDUMP=objdump
ac_cv_prog_ac_ct_OTOOL=otool
ac_cv_prog_ac_ct_RANLIB=ranlib
ac_cv_prog_ac_ct_STRIP=strip
ac_cv_prog_cc_c89=
ac_cv_prog_cc_g=yes
ac_cv_prog_make_make_set=yes
ac_cv_search_opendir='none required'
ac_cv_type_off_t=yes
am_cv_CC_dependencies_compiler_type=gcc3
lt_cv_apple_cc_single_mod=yes
lt_cv_ar_at_file=@
lt_cv_deplibs_check_method=pass_all
lt_cv_file_magic_cmd='$MAGIC_CMD'
lt_cv_file_magic_test_file=
lt_cv_ld_exported_symbols_list=yes
lt_cv_ld_force_load=yes
lt_cv_ld_reload_flag=-r
lt_cv_nm_interface='BSD nm'
lt_cv_objdir=.libs
lt_cv_path_LD=/Applications/Xcode.app/Contents/Developer/Toolchains/XcodeDefault.xctoolchain/usr/bin/ld
lt_cv_path_NM='/usr/local/bin/nm -B'
lt_cv_path_mainfest_tool=no
lt_cv_prog_compiler_c_o=yes
lt_cv_prog_compiler_pic='-fno-common -DPIC'
lt_cv_prog_compiler_pic_works=yes
lt_cv_prog_compiler_rtti_exceptions=yes
lt_cv_prog_compiler_static_works=no
lt_cv_prog_gnu_ld=no
lt_cv_sharedlib_from_linklib_cmd='printf %s\n'
lt_cv_sys_global_symbol_pipe='sed -n -e '\''s/^.*[	 ]\([ABCDGIRSTW][ABCDGIRSTW]*\)[	 ][	 ]*_\([_A-Za-z][_A-Za-z0-9]*\)$/\1 _\2 \2/p'\'' | sed '\''/ __gnu_lto/d'\'''
lt_cv_sys_global_symbol_to_c_name_address='sed -n -e '\''s/^: \([^ ]*\)[ ]*$/  {\"\1\", (void *) 0},/p'\'' -e '\''s/^[ABCDGIRSTW]* \([^ ]*\) \([^ ]*\)$/  {"\2", (void *) \&\2},/p'\'''
lt_cv_sys_global_symbol_to_c_name_address_lib_prefix='sed -n -e '\''s/^: \([^ ]*\)[ ]*$/  {\"\1\", (void *) 0},/p'\'' -e '\''s/^[ABCDGIRSTW]* \([^ ]*\) \(lib[^ ]*\)$/  {"\2", (void *) \&\2},/p'\'' -e '\''s/^[ABCDGIRSTW]* \([^ ]*\) \([^ ]*\)$/  {"lib\2", (void *) \&\2},/p'\'''
lt_cv_sys_global_symbol_to_cdecl='sed -n -e '\''s/^T .* \(.*\)$/extern int \1();/p'\'' -e '\''s/^[ABCDGIRSTW]* .* \(.*\)$/extern char \1;/p'\'''
lt_cv_sys_max_cmd_len=196608
lt_cv_to_host_file_cmd=func_convert_file_noop
lt_cv_to_tool_file_cmd=func_convert_file_noop

## ----------------- ##
## Output variables. ##
## ----------------- ##

ACLOCAL='${SHELL} /Users/cmayer/micronix/tools/zxcc-0.5.7/cpmredir/config/missing --run aclocal-1.11'
AMDEPBACKSLASH='\'
AMDEP_FALSE='#'
AMDEP_TRUE=''
AMTAR='$${TAR-tar}'
AR='ar'
AUTOCONF='${SHELL} /Users/cmayer/micronix/tools/zxcc-0.5.7/cpmredir/config/missing --run autoconf'
AUTOHEADER='${SHELL} /Users/cmayer/micronix/tools/zxcc-0.5.7/cpmredir/config/missing --run autoheader'
AUTOMAKE='${SHELL} /Users/cmayer/micronix/tools/zxcc-0.5.7/cpmredir/config/missing --run automake-1.11'
AWK='gawk'
CC='gcc'
CCDEPMODE='depmode=gcc3'
CFLAGS='-g -O2'
CPP='gcc -E'
CPPFLAGS=''
CYGPATH_W='echo'
DEFS='-DHAVE_CONFIG_H'
DEPDIR='.deps'
DLLTOOL='false'
DSYMUTIL='dsymutil'
DUMPBIN=''
ECHO_C='\c'
ECHO_N=''
ECHO_T=''
EGREP='/usr/bin/grep -E'
EXEEXT=''
FGREP='/usr/bin/grep -F'
GREP='/usr/bin/grep'
INSTALL_DATA='${INSTALL} -m 644'
INSTALL_PROGRAM='${INSTALL}'
INSTALL_SCRIPT='${INSTALL}'
INSTALL_STRIP_PROGRAM='$(install_sh) -c -s'
LD='/Applications/Xcode.app/Contents/Developer/Toolchains/XcodeDefault.xctoolchain/usr/bin/ld'
LDFLAGS=''
LIBOBJS=''
LIBS=''
LIBTOOL='$(SHELL) $(top_builddir)/libtool'
LIPO='lipo'
LN_S='ln -s'
LTLIBOBJS=''
MAKEINFO='${SHELL} /Users/cmayer/micronix/tools/zxcc-0.5.7/cpmredir/config/missing --run makeinfo'
MANIFEST_TOOL=':'
MKDIR_P='/usr/local/bin/gmkdir -p'
NM='/usr/local/bin/nm -B'
NMEDIT='nmedit'
OBJDUMP='objdump'
OBJEXT='o'
OTOOL64=':'
OTOOL='otool'
PACKAGE='cpmredir'
PACKAGE_BUGREPORT=''
PACKAGE_NAME=''
PACKAGE_STRING=''
PACKAGE_TARNAME=''
PACKAGE_URL=''
PACKAGE_VERSION=''
PATH_SEPARATOR=':'
RANLIB='ranlib'
SED='/usr/local/bin/gsed'
SET_MAKE=''
SHELL='/bin/sh'
STRIP='strip'
VERSION='1.1.4'
ac_ct_AR='ar'
ac_ct_CC='gcc'
ac_ct_DUMPBIN=''
am__EXEEXT_FALSE=''
am__EXEEXT_TRUE='#'
am__fastdepCC_FALSE='#'
am__fastdepCC_TRUE=''
am__include='include'
am__isrc=''
am__leading_dot='.'
am__nodep='_no'
am__quote=''
am__tar='$${TAR-tar} chof - "$$tardir"'
am__untar='$${TAR-tar} xf -'
bindir='${exec_prefix}/bin'
build='x86_64-apple-darwin17.6.0'
build_alias=''
build_cpu='x86_64'
build_os='darwin17.6.0'
build_vendor='apple'
datadir='${datarootdir}'
datarootdir='${prefix}/share'
docdir='${datarootdir}/doc/${PACKAGE}'
dvidir='${docdir}'
exec_prefix='${prefix}'
host='x86_64-apple-darwin17.6.0'
host_alias=''
host_cpu='x86_64'
host_os='darwin17.6.0'
host_vendor='apple'
htmldir='${docdir}'
includedir='${prefix}/include'
infodir='${datarootdir}/info'
install_sh='${SHELL} /Users/cmayer/micronix/tools/zxcc-0.5.7/cpmredir/config/install-sh'
libdir='${exec_prefix}/lib'
libexecdir='${exec_prefix}/libexec'
localedir='${datarootdir}/locale'
localstatedir='${prefix}/var'
mandir='${datarootdir}/man'
mkdir_p='/usr/local/bin/gmkdir -p'
oldincludedir='/usr/include'
pdfdir='${docdir}'
prefix='/usr/local'
program_transform_name='s,x,x,'
psdir='${docdir}'
sbindir='${exec_prefix}/sbin'
sharedstatedir='${prefix}/com'
sysconfdir='${prefix}/etc'
target_alias=''

## ----------- ##
## confdefs.h. ##
## ----------- ##

/* confdefs.h */
#define PACKAGE_NAME ""
#define PACKAGE_TARNAME ""
#define PACKAGE_VERSION ""
#define PACKAGE_STRING ""
#define PACKAGE_BUGREPORT ""
#define PACKAGE_URL ""
#define PACKAGE "cpmredir"
#define VERSION "1.1.4"
#define STDC_HEADERS 1
#define HAVE_SYS_TYPES_H 1
#define HAVE_SYS_STAT_H 1
#define HAVE_STDLIB_H 1
#define HAVE_STRING_H 1
#define HAVE_MEMORY_H 1
#define HAVE_STRINGS_H 1
#define HAVE_INTTYPES_H 1
#define HAVE_STDINT_H 1
#define HAVE_UNISTD_H 1
#define HAVE_DLFCN_H 1
#define LT_OBJDIR ".libs/"
#define HAVE_DIRENT_H 1
#define STDC_HEADERS 1
#define HAVE_FCNTL_H 1
#define HAVE_UNISTD_H 1
#define HAVE_UTIME_H 1
#define HAVE_UTIME_H 1
#define HAVE_UTIME_NULL 1
#define HAVE_VPRINTF 1
#define HAVE_MKDIR 1
#define HAVE_RMDIR 1

configure: exit 0
