This file contains any messages produced by compilers while
running configure, to aid debugging if configure makes a mistake.

It was created by pasmo configure 0.6.0.20070113.0, which was
generated by GNU Autoconf 2.60.  Invocation command line was

  $ ./configure 

## --------- ##
## Platform. ##
## --------- ##

hostname = osxltcmayer.lan
uname -m = x86_64
uname -r = 17.6.0
uname -s = Darwin
uname -v = Darwin Kernel Version 17.6.0: Tue May  8 15:22:16 PDT 2018; root:xnu-4570.61.1~1/RELEASE_X86_64

/usr/bin/uname -p = i386
/bin/uname -X     = unknown

/bin/arch              = unknown
/usr/bin/arch -k       = unknown
/usr/convex/getsysinfo = unknown
/usr/bin/hostinfo      = Mach kernel version:
	 Darwin Kernel Version 17.6.0: Tue May  8 15:22:16 PDT 2018; root:xnu-4570.61.1~1/RELEASE_X86_64
Kernel configured for up to 8 processors.
4 processors are physically available.
8 processors are logically available.
Processor type: i486 (Intel 80486)
Processors active: 0 1 2 3 4 5 6 7
Primary memory available: 16.00 gigabytes
Default processor set: 347 tasks, 1834 threads, 8 processors
Load average: 3.11, Mach factor: 4.88
/bin/machine           = unknown
/usr/bin/oslevel       = unknown
/bin/universe          = unknown

PATH: /usr/local/bin
PATH: /usr/bin
PATH: /bin
PATH: /usr/sbin
PATH: /sbin
PATH: /usr/texbin
PATH: /usr/local/go/bin
PATH: /usr/local/munki
PATH: /opt/X11/bin
PATH: /usr/local/git/bin
PATH: /Users/cmayer/bin
PATH: /opt/X11/bin
PATH: /opt/parallax/bin


## ----------- ##
## Core tests. ##
## ----------- ##

configure:1780: checking for a BSD-compatible install
configure:1836: result: /usr/local/bin/ginstall -c
configure:1847: checking whether build environment is sane
configure:1890: result: yes
configure:1955: checking for gawk
configure:1971: found /usr/local/bin/gawk
configure:1982: result: gawk
configure:1993: checking whether make sets $(MAKE)
configure:2014: result: yes
configure:2205: checking build system type
configure:2223: result: i686-apple-darwin17.6.0
configure:2245: checking host system type
configure:2260: result: i686-apple-darwin17.6.0
configure:2299: result: Configured for release version
configure:2372: checking for g++
configure:2388: found /usr/bin/g++
configure:2399: result: g++
configure:2430: checking for C++ compiler version
configure:2437: g++ --version >&5
Configured with: --prefix=/Applications/Xcode.app/Contents/Developer/usr --with-gxx-include-dir=/usr/include/c++/4.2.1
Apple LLVM version 9.1.0 (clang-902.0.39.2)
Target: x86_64-apple-darwin17.6.0
Thread model: posix
InstalledDir: /Applications/Xcode.app/Contents/Developer/Toolchains/XcodeDefault.xctoolchain/usr/bin
configure:2440: $? = 0
configure:2447: g++ -v >&5
Configured with: --prefix=/Applications/Xcode.app/Contents/Developer/usr --with-gxx-include-dir=/usr/include/c++/4.2.1
Apple LLVM version 9.1.0 (clang-902.0.39.2)
Target: x86_64-apple-darwin17.6.0
Thread model: posix
InstalledDir: /Applications/Xcode.app/Contents/Developer/Toolchains/XcodeDefault.xctoolchain/usr/bin
configure:2450: $? = 0
configure:2457: g++ -V >&5
clang: error: argument to '-V' is missing (expected 1 value)
clang: error: no input files
configure:2460: $? = 1
configure:2483: checking for C++ compiler default output file name
configure:2510: g++    conftest.cpp  >&5
configure:2513: $? = 0
configure:2559: result: a.out
configure:2564: checking whether the C++ compiler works
configure:2574: ./a.out
configure:2577: $? = 0
configure:2594: result: yes
configure:2601: checking whether we are cross compiling
configure:2603: result: no
configure:2606: checking for suffix of executables
configure:2613: g++ -o conftest    conftest.cpp  >&5
configure:2616: $? = 0
configure:2640: result: 
configure:2646: checking for suffix of object files
configure:2672: g++ -c   conftest.cpp >&5
configure:2675: $? = 0
configure:2698: result: o
configure:2702: checking whether we are using the GNU C++ compiler
configure:2731: g++ -c   conftest.cpp >&5
configure:2737: $? = 0
configure:2744: test -z "$ac_cxx_werror_flag" || test ! -s conftest.err
configure:2747: $? = 0
configure:2754: test -s conftest.o
configure:2757: $? = 0
configure:2771: result: yes
configure:2776: checking whether g++ accepts -g
configure:2806: g++ -c -g  conftest.cpp >&5
configure:2812: $? = 0
configure:2819: test -z "$ac_cxx_werror_flag" || test ! -s conftest.err
configure:2822: $? = 0
configure:2829: test -s conftest.o
configure:2832: $? = 0
configure:2962: result: yes
configure:2996: checking for style of include used by make
configure:3024: result: GNU
configure:3052: checking dependency style of g++
configure:3142: result: gcc3
configure:3164: checking for bison
configure:3180: found /usr/bin/bison
configure:3191: result: bison -y
configure:3382: checking how to run the C++ preprocessor
configure:3418: g++ -E  conftest.cpp
configure:3424: $? = 0
configure:3462: g++ -E  conftest.cpp
conftest.cpp:11:10: fatal error: 'ac_nonexistent.h' file not found
#include <ac_nonexistent.h>
         ^~~~~~~~~~~~~~~~~~
1 error generated.
configure:3468: $? = 1
configure: failed program was:
| /* confdefs.h.  */
| #define PACKAGE_NAME "pasmo"
| #define PACKAGE_TARNAME "pasmo"
| #define PACKAGE_VERSION "0.6.0.20070113.0"
| #define PACKAGE_STRING "pasmo 0.6.0.20070113.0"
| #define PACKAGE_BUGREPORT "julian.notfound@gmail.com"
| #define PACKAGE "pasmo"
| #define VERSION "0.6.0.20070113.0"
| #define NDEBUG
| /* end confdefs.h.  */
| #include <ac_nonexistent.h>
configure:3508: result: g++ -E
configure:3537: g++ -E  conftest.cpp
configure:3543: $? = 0
configure:3581: g++ -E  conftest.cpp
conftest.cpp:11:10: fatal error: 'ac_nonexistent.h' file not found
#include <ac_nonexistent.h>
         ^~~~~~~~~~~~~~~~~~
1 error generated.
configure:3587: $? = 1
configure: failed program was:
| /* confdefs.h.  */
| #define PACKAGE_NAME "pasmo"
| #define PACKAGE_TARNAME "pasmo"
| #define PACKAGE_VERSION "0.6.0.20070113.0"
| #define PACKAGE_STRING "pasmo 0.6.0.20070113.0"
| #define PACKAGE_BUGREPORT "julian.notfound@gmail.com"
| #define PACKAGE "pasmo"
| #define VERSION "0.6.0.20070113.0"
| #define NDEBUG
| /* end confdefs.h.  */
| #include <ac_nonexistent.h>
configure:3632: checking for grep that handles long lines and -e
configure:3706: result: /usr/bin/grep
configure:3711: checking for egrep
configure:3789: result: /usr/bin/grep -E
configure:3794: checking for ANSI C header files
configure:3824: g++ -c -g -O2  conftest.cpp >&5
configure:3830: $? = 0
configure:3837: test -z "$ac_cxx_werror_flag" || test ! -s conftest.err
configure:3840: $? = 0
configure:3847: test -s conftest.o
configure:3850: $? = 0
configure:3946: g++ -o conftest -g -O2   conftest.cpp  >&5
configure:3949: $? = 0
configure:3955: ./conftest
configure:3958: $? = 0
configure:3975: result: yes
configure:3999: checking for sys/types.h
configure:4020: g++ -c -g -O2  conftest.cpp >&5
configure:4026: $? = 0
configure:4033: test -z "$ac_cxx_werror_flag" || test ! -s conftest.err
configure:4036: $? = 0
configure:4043: test -s conftest.o
configure:4046: $? = 0
configure:4059: result: yes
configure:3999: checking for sys/stat.h
configure:4020: g++ -c -g -O2  conftest.cpp >&5
configure:4026: $? = 0
configure:4033: test -z "$ac_cxx_werror_flag" || test ! -s conftest.err
configure:4036: $? = 0
configure:4043: test -s conftest.o
configure:4046: $? = 0
configure:4059: result: yes
configure:3999: checking for stdlib.h
configure:4020: g++ -c -g -O2  conftest.cpp >&5
configure:4026: $? = 0
configure:4033: test -z "$ac_cxx_werror_flag" || test ! -s conftest.err
configure:4036: $? = 0
configure:4043: test -s conftest.o
configure:4046: $? = 0
configure:4059: result: yes
configure:3999: checking for string.h
configure:4020: g++ -c -g -O2  conftest.cpp >&5
configure:4026: $? = 0
configure:4033: test -z "$ac_cxx_werror_flag" || test ! -s conftest.err
configure:4036: $? = 0
configure:4043: test -s conftest.o
configure:4046: $? = 0
configure:4059: result: yes
configure:3999: checking for memory.h
configure:4020: g++ -c -g -O2  conftest.cpp >&5
configure:4026: $? = 0
configure:4033: test -z "$ac_cxx_werror_flag" || test ! -s conftest.err
configure:4036: $? = 0
configure:4043: test -s conftest.o
configure:4046: $? = 0
configure:4059: result: yes
configure:3999: checking for strings.h
configure:4020: g++ -c -g -O2  conftest.cpp >&5
configure:4026: $? = 0
configure:4033: test -z "$ac_cxx_werror_flag" || test ! -s conftest.err
configure:4036: $? = 0
configure:4043: test -s conftest.o
configure:4046: $? = 0
configure:4059: result: yes
configure:3999: checking for inttypes.h
configure:4020: g++ -c -g -O2  conftest.cpp >&5
configure:4026: $? = 0
configure:4033: test -z "$ac_cxx_werror_flag" || test ! -s conftest.err
configure:4036: $? = 0
configure:4043: test -s conftest.o
configure:4046: $? = 0
configure:4059: result: yes
configure:3999: checking for stdint.h
configure:4020: g++ -c -g -O2  conftest.cpp >&5
configure:4026: $? = 0
configure:4033: test -z "$ac_cxx_werror_flag" || test ! -s conftest.err
configure:4036: $? = 0
configure:4043: test -s conftest.o
configure:4046: $? = 0
configure:4059: result: yes
configure:3999: checking for unistd.h
configure:4020: g++ -c -g -O2  conftest.cpp >&5
configure:4026: $? = 0
configure:4033: test -z "$ac_cxx_werror_flag" || test ! -s conftest.err
configure:4036: $? = 0
configure:4043: test -s conftest.o
configure:4046: $? = 0
configure:4059: result: yes
configure:4076: checking for stdint.h
configure:4082: result: yes
configure:4256: checking ostream usability
configure:4273: g++ -c -g -O2  conftest.cpp >&5
configure:4279: $? = 0
configure:4286: test -z "$ac_cxx_werror_flag" || test ! -s conftest.err
configure:4289: $? = 0
configure:4296: test -s conftest.o
configure:4299: $? = 0
configure:4310: result: yes
configure:4314: checking ostream presence
configure:4329: g++ -E  conftest.cpp
configure:4335: $? = 0
configure:4356: result: yes
configure:4389: checking for ostream
configure:4397: result: yes
configure:4542: creating ./config.status

## ---------------------- ##
## Running config.status. ##
## ---------------------- ##

This file was extended by pasmo config.status 0.6.0.20070113.0, which was
generated by GNU Autoconf 2.60.  Invocation command line was

  CONFIG_FILES    = 
  CONFIG_HEADERS  = 
  CONFIG_LINKS    = 
  CONFIG_COMMANDS = 
  $ ./config.status 

on osxltcmayer.lan

config.status:634: creating Makefile
config.status:634: creating config.h
config.status:634: creating config_debug.h
config.status:634: creating config_version.h
config.status:634: creating config_types.h
config.status:634: creating config_ostream.h
config.status:903: executing depfiles commands

## ---------------- ##
## Cache variables. ##
## ---------------- ##

ac_cv_build=i686-apple-darwin17.6.0
ac_cv_cxx_compiler_gnu=yes
ac_cv_env_CCC_set=
ac_cv_env_CCC_value=
ac_cv_env_CPPFLAGS_set=
ac_cv_env_CPPFLAGS_value=
ac_cv_env_CXXCPP_set=
ac_cv_env_CXXCPP_value=
ac_cv_env_CXXFLAGS_set=
ac_cv_env_CXXFLAGS_value=
ac_cv_env_CXX_set=
ac_cv_env_CXX_value=
ac_cv_env_LDFLAGS_set=
ac_cv_env_LDFLAGS_value=
ac_cv_env_YACC_set=
ac_cv_env_YACC_value=
ac_cv_env_YFLAGS_set=
ac_cv_env_YFLAGS_value=
ac_cv_env_build_alias_set=
ac_cv_env_build_alias_value=
ac_cv_env_host_alias_set=
ac_cv_env_host_alias_value=
ac_cv_env_target_alias_set=
ac_cv_env_target_alias_value=
ac_cv_header_inttypes_h=yes
ac_cv_header_memory_h=yes
ac_cv_header_ostream=yes
ac_cv_header_stdc=yes
ac_cv_header_stdint_h=yes
ac_cv_header_stdlib_h=yes
ac_cv_header_string_h=yes
ac_cv_header_strings_h=yes
ac_cv_header_sys_stat_h=yes
ac_cv_header_sys_types_h=yes
ac_cv_header_unistd_h=yes
ac_cv_host=i686-apple-darwin17.6.0
ac_cv_objext=o
ac_cv_path_EGREP='/usr/bin/grep -E'
ac_cv_path_GREP=/usr/bin/grep
ac_cv_path_install='/usr/local/bin/ginstall -c'
ac_cv_prog_AWK=gawk
ac_cv_prog_CXXCPP='g++ -E'
ac_cv_prog_YACC='bison -y'
ac_cv_prog_ac_ct_CXX=g++
ac_cv_prog_cxx_g=yes
ac_cv_prog_make_make_set=yes
am_cv_CXX_dependencies_compiler_type=gcc3

## ----------------- ##
## Output variables. ##
## ----------------- ##

ACLOCAL='${SHELL} /Users/cmayer/micronix/tools/asm/pasmo-0.6.0.20070113.0/missing --run aclocal-1.9'
AMDEPBACKSLASH='\'
AMDEP_FALSE='#'
AMDEP_TRUE=''
AMTAR='${SHELL} /Users/cmayer/micronix/tools/asm/pasmo-0.6.0.20070113.0/missing --run tar'
AUTOCONF='${SHELL} /Users/cmayer/micronix/tools/asm/pasmo-0.6.0.20070113.0/missing --run autoconf'
AUTOHEADER='${SHELL} /Users/cmayer/micronix/tools/asm/pasmo-0.6.0.20070113.0/missing --run autoheader'
AUTOMAKE='${SHELL} /Users/cmayer/micronix/tools/asm/pasmo-0.6.0.20070113.0/missing --run automake-1.9'
AWK='gawk'
CPPFLAGS=''
CXX='g++'
CXXCPP='g++ -E'
CXXDEPMODE='depmode=gcc3'
CXXFLAGS='-g -O2'
CYGPATH_W='echo'
DEFS='-DHAVE_CONFIG_H'
DEPDIR='.deps'
ECHO_C='ECHO_N=''
ECHO_T=''
EGREP='/usr/bin/grep -E'
EXEEXT=''
GREP='/usr/bin/grep'
INSTALL_DATA='${INSTALL} -m 644'
INSTALL_PROGRAM='${INSTALL}'
INSTALL_SCRIPT='${INSTALL}'
INSTALL_STRIP_PROGRAM='${SHELL} $(install_sh) -c -s'
LDFLAGS=''
LIBOBJS=''
LIBS=''
LTLIBOBJS=''
MAKEINFO='${SHELL} /Users/cmayer/micronix/tools/asm/pasmo-0.6.0.20070113.0/missing --run makeinfo'
OBJEXT='o'
PACKAGE='pasmo'
PACKAGE_BUGREPORT='julian.notfound@gmail.com'
PACKAGE_NAME='pasmo'
PACKAGE_STRING='pasmo 0.6.0.20070113.0'
PACKAGE_TARNAME='pasmo'
PACKAGE_VERSION='0.6.0.20070113.0'
PATH_SEPARATOR=':'
SET_MAKE=''
SHELL='/bin/sh'
STRIP=''
VERSION='0.6.0.20070113.0'
YACC='bison -y'
YFLAGS=''
ac_ct_CXX='g++'
am__fastdepCXX_FALSE='#'
am__fastdepCXX_TRUE=''
am__include='include'
am__leading_dot='.'
am__quote=''
am__tar='${AMTAR} chof - "$$tardir"'
am__untar='${AMTAR} xf -'
bindir='${exec_prefix}/bin'
build='i686-apple-darwin17.6.0'
build_alias=''
build_cpu='i686'
build_os='darwin17.6.0'
build_vendor='apple'
datadir='${datarootdir}'
datarootdir='${prefix}/share'
docdir='${datarootdir}/doc/${PACKAGE_TARNAME}'
dvidir='${docdir}'
exec_prefix='${prefix}'
host='i686-apple-darwin17.6.0'
host_alias=''
host_cpu='i686'
host_os='darwin17.6.0'
host_vendor='apple'
htmldir='${docdir}'
includedir='${prefix}/include'
infodir='${datarootdir}/info'
install_sh='/Users/cmayer/micronix/tools/asm/pasmo-0.6.0.20070113.0/install-sh'
libdir='${exec_prefix}/lib'
libexecdir='${exec_prefix}/libexec'
localedir='${datarootdir}/locale'
localstatedir='${prefix}/var'
mandir='${datarootdir}/man'
mkdir_p='$(mkinstalldirs)'
oldincludedir='/usr/include'
pdfdir='${docdir}'
prefix='/usr/local'
program_transform_name='s,x,x,'
psdir='${docdir}'
sbindir='${exec_prefix}/sbin'
sharedstatedir='${prefix}/com'
sysconfdir='${prefix}/etc'
target_alias=''

## ----------- ##
## confdefs.h. ##
## ----------- ##

#define PACKAGE_NAME "pasmo"
#define PACKAGE_TARNAME "pasmo"
#define PACKAGE_VERSION "0.6.0.20070113.0"
#define PACKAGE_STRING "pasmo 0.6.0.20070113.0"
#define PACKAGE_BUGREPORT "julian.notfound@gmail.com"
#define PACKAGE "pasmo"
#define VERSION "0.6.0.20070113.0"
#define NDEBUG
#define STDC_HEADERS 1
#define HAVE_SYS_TYPES_H 1
#define HAVE_SYS_STAT_H 1
#define HAVE_STDLIB_H 1
#define HAVE_STRING_H 1
#define HAVE_MEMORY_H 1
#define HAVE_STRINGS_H 1
#define HAVE_INTTYPES_H 1
#define HAVE_STDINT_H 1
#define HAVE_UNISTD_H 1
#define HAVE_STDINT_H 1
#define HAVE_OSTREAM 1

configure: exit 0
