This file contains any messages produced by compilers while
running configure, to aid debugging if configure makes a mistake.

It was created by configure, which was
generated by GNU Autoconf 2.68.  Invocation command line was

  $ ./configure --without-cpmio

## --------- ##
## Platform. ##
## --------- ##

hostname = osxltcmayer.lan
uname -m = x86_64
uname -r = 17.6.0
uname -s = Darwin
uname -v = Darwin Kernel Version 17.6.0: Tue May  8 15:22:16 PDT 2018; root:xnu-4570.61.1~1/RELEASE_X86_64

/usr/bin/uname -p = i386
/bin/uname -X     = unknown

/bin/arch              = unknown
/usr/bin/arch -k       = unknown
/usr/convex/getsysinfo = unknown
/usr/bin/hostinfo      = Mach kernel version:
	 Darwin Kernel Version 17.6.0: Tue May  8 15:22:16 PDT 2018; root:xnu-4570.61.1~1/RELEASE_X86_64
Kernel configured for up to 8 processors.
4 processors are physically available.
8 processors are logically available.
Processor type: i486 (Intel 80486)
Processors active: 0 1 2 3 4 5 6 7
Primary memory available: 16.00 gigabytes
Default processor set: 330 tasks, 2071 threads, 8 processors
Load average: 1.81, Mach factor: 6.18
/bin/machine           = unknown
/usr/bin/oslevel       = unknown
/bin/universe          = unknown

PATH: /usr/local/bin
PATH: /usr/bin
PATH: /bin
PATH: /usr/sbin
PATH: /sbin
PATH: /usr/texbin
PATH: /usr/local/go/bin
PATH: /usr/local/munki
PATH: /opt/X11/bin
PATH: /usr/local/git/bin
PATH: /Users/cmayer/bin
PATH: /opt/X11/bin
PATH: /opt/parallax/bin


## ----------- ##
## Core tests. ##
## ----------- ##

configure:2278: checking for a BSD-compatible install
configure:2346: result: /usr/local/bin/ginstall -c
configure:2357: checking whether build environment is sane
configure:2407: result: yes
configure:2548: checking for a thread-safe mkdir -p
configure:2587: result: /usr/local/bin/gmkdir -p
configure:2600: checking for gawk
configure:2616: found /usr/local/bin/gawk
configure:2627: result: gawk
configure:2638: checking whether make sets $(MAKE)
configure:2660: result: yes
configure:2771: checking build system type
configure:2785: result: i386-apple-darwin17.6.0
configure:2805: checking host system type
configure:2818: result: i386-apple-darwin17.6.0
configure:2859: checking how to print strings
configure:2886: result: printf
configure:2919: checking for style of include used by make
configure:2947: result: GNU
configure:3018: checking for gcc
configure:3034: found /usr/bin/gcc
configure:3045: result: gcc
configure:3274: checking for C compiler version
configure:3283: gcc --version >&5
Apple LLVM version 9.1.0 (clang-902.0.39.2)
Target: x86_64-apple-darwin17.6.0
Thread model: posix
InstalledDir: /Applications/Xcode.app/Contents/Developer/Toolchains/XcodeDefault.xctoolchain/usr/bin
Configured with: --prefix=/Applications/Xcode.app/Contents/Developer/usr --with-gxx-include-dir=/Applications/Xcode.app/Contents/Developer/Platforms/MacOSX.platform/Developer/SDKs/MacOSX10.13.sdk/usr/include/c++/4.2.1
configure:3294: $? = 0
configure:3283: gcc -v >&5
Configured with: --prefix=/Applications/Xcode.app/Contents/Developer/usr --with-gxx-include-dir=/Applications/Xcode.app/Contents/Developer/Platforms/MacOSX.platform/Developer/SDKs/MacOSX10.13.sdk/usr/include/c++/4.2.1
Apple LLVM version 9.1.0 (clang-902.0.39.2)
Target: x86_64-apple-darwin17.6.0
Thread model: posix
InstalledDir: /Applications/Xcode.app/Contents/Developer/Toolchains/XcodeDefault.xctoolchain/usr/bin
configure:3294: $? = 0
configure:3283: gcc -V >&5
clang: error: argument to '-V' is missing (expected 1 value)
clang: error: no input files
configure:3294: $? = 1
configure:3283: gcc -qversion >&5
clang: error: unknown argument: '-qversion'
clang: error: no input files
configure:3294: $? = 1
configure:3314: checking whether the C compiler works
configure:3336: gcc    conftest.c  >&5
configure:3340: $? = 0
configure:3388: result: yes
configure:3391: checking for C compiler default output file name
configure:3393: result: a.out
configure:3399: checking for suffix of executables
configure:3406: gcc -o conftest    conftest.c  >&5
configure:3410: $? = 0
configure:3432: result: 
configure:3454: checking whether we are cross compiling
configure:3462: gcc -o conftest    conftest.c  >&5
configure:3466: $? = 0
configure:3473: ./conftest
configure:3477: $? = 0
configure:3492: result: no
configure:3497: checking for suffix of object files
configure:3519: gcc -c   conftest.c >&5
configure:3523: $? = 0
configure:3544: result: o
configure:3548: checking whether we are using the GNU C compiler
configure:3567: gcc -c   conftest.c >&5
configure:3567: $? = 0
configure:3576: result: yes
configure:3585: checking whether gcc accepts -g
configure:3605: gcc -c -g  conftest.c >&5
configure:3605: $? = 0
configure:3646: result: yes
configure:3663: checking for gcc option to accept ISO C89
configure:3727: gcc  -c -g -O2  conftest.c >&5
configure:3727: $? = 0
configure:3740: result: none needed
configure:3762: checking dependency style of gcc
configure:3873: result: gcc3
configure:3888: checking for a sed that does not truncate output
configure:3952: result: /usr/local/bin/gsed
configure:3970: checking for grep that handles long lines and -e
configure:4028: result: /usr/bin/grep
configure:4033: checking for egrep
configure:4095: result: /usr/bin/grep -E
configure:4100: checking for fgrep
configure:4162: result: /usr/bin/grep -F
configure:4197: checking for ld used by gcc
configure:4264: result: /Applications/Xcode.app/Contents/Developer/Toolchains/XcodeDefault.xctoolchain/usr/bin/ld
configure:4271: checking if the linker (/Applications/Xcode.app/Contents/Developer/Toolchains/XcodeDefault.xctoolchain/usr/bin/ld) is GNU ld
configure:4286: result: no
configure:4298: checking for BSD- or MS-compatible name lister (nm)
configure:4347: result: /usr/local/bin/nm -B
configure:4477: checking the name lister (/usr/local/bin/nm -B) interface
configure:4484: gcc -c -g -O2  conftest.c >&5
configure:4487: /usr/local/bin/nm -B "conftest.o"
configure:4490: output
00000000000001d4 B _some_variable
configure:4497: result: BSD nm
configure:4500: checking whether ln -s works
configure:4504: result: yes
configure:4512: checking the maximum length of command line arguments
configure:4642: result: 196608
configure:4659: checking whether the shell understands some XSI constructs
configure:4669: result: yes
configure:4673: checking whether the shell understands "+="
configure:4679: result: yes
configure:4714: checking how to convert i386-apple-darwin17.6.0 file names to i386-apple-darwin17.6.0 format
configure:4754: result: func_convert_file_noop
configure:4761: checking how to convert i386-apple-darwin17.6.0 file names to toolchain format
configure:4781: result: func_convert_file_noop
configure:4788: checking for /Applications/Xcode.app/Contents/Developer/Toolchains/XcodeDefault.xctoolchain/usr/bin/ld option to reload object files
configure:4795: result: -r
configure:4869: checking for objdump
configure:4885: found /usr/local/bin/objdump
configure:4896: result: objdump
configure:4928: checking how to recognize dependent libraries
configure:5130: result: pass_all
configure:5215: checking for dlltool
configure:5245: result: no
configure:5275: checking how to associate runtime and link libraries
configure:5302: result: printf %s\n
configure:5363: checking for ar
configure:5379: found /usr/local/bin/ar
configure:5390: result: ar
configure:5427: checking for archiver @FILE support
configure:5444: gcc -c -g -O2  conftest.c >&5
configure:5444: $? = 0
configure:5447: ar cru libconftest.a @conftest.lst >&5
configure:5450: $? = 0
configure:5455: ar cru libconftest.a @conftest.lst >&5
ar: conftest.o: No such file or directory
configure:5458: $? = 1
configure:5470: result: @
configure:5528: checking for strip
configure:5544: found /usr/local/bin/strip
configure:5555: result: strip
configure:5627: checking for ranlib
configure:5643: found /usr/bin/ranlib
configure:5654: result: ranlib
configure:5756: checking command to parse /usr/local/bin/nm -B output from gcc object
configure:5876: gcc -c -g -O2  conftest.c >&5
configure:5879: $? = 0
configure:5883: /usr/local/bin/nm -B conftest.o \| sed -n -e 's/^.*[ ]\([ABCDGIRSTW][ABCDGIRSTW]*\)[ ][ ]*\([_A-Za-z][_A-Za-z0-9]*\)$/\1 \2 \2/p' | sed '/ __gnu_lto/d' \> conftest.nm
configure:5886: $? = 0
cannot find nm_test_var in conftest.nm
configure:5876: gcc -c -g -O2  conftest.c >&5
configure:5879: $? = 0
configure:5883: /usr/local/bin/nm -B conftest.o \| sed -n -e 's/^.*[ ]\([ABCDGIRSTW][ABCDGIRSTW]*\)[ ][ ]*_\([_A-Za-z][_A-Za-z0-9]*\)$/\1 _\2 \2/p' | sed '/ __gnu_lto/d' \> conftest.nm
configure:5886: $? = 0
configure:5952: gcc -o conftest -g -O2   conftest.c conftstm.o >&5
warning: (x86_64)  could not find object file symbol for symbol _main
configure:5955: $? = 0
configure:5993: result: ok
configure:6030: checking for sysroot
configure:6060: result: no
configure:6316: checking for mt
configure:6346: result: no
configure:6366: checking if : is a manifest tool
configure:6372: : '-?'
configure:6380: result: no
configure:6436: checking for dsymutil
configure:6452: found /usr/bin/dsymutil
configure:6463: result: dsymutil
configure:6528: checking for nmedit
configure:6544: found /usr/bin/nmedit
configure:6555: result: nmedit
configure:6620: checking for lipo
configure:6636: found /usr/bin/lipo
configure:6647: result: lipo
configure:6712: checking for otool
configure:6728: found /usr/bin/otool
configure:6739: result: otool
configure:6804: checking for otool64
configure:6834: result: no
configure:6879: checking for -single_module linker flag
gcc -g -O2  -o libconftest.dylib -dynamiclib -Wl,-single_module conftest.c
configure:6912: result: yes
configure:6915: checking for -exported_symbols_list linker flag
configure:6935: gcc -o conftest -g -O2   -Wl,-exported_symbols_list,conftest.sym conftest.c  >&5
configure:6935: $? = 0
configure:6945: result: yes
configure:6948: checking for -force_load linker flag
gcc -g -O2 -c -o conftest.o conftest.c
ar cru libconftest.a conftest.o
ranlib libconftest.a
gcc -g -O2  -o conftest conftest.c -Wl,-force_load,./libconftest.a
configure:6980: result: yes
configure:7022: checking how to run the C preprocessor
configure:7053: gcc -E  conftest.c
configure:7053: $? = 0
configure:7067: gcc -E  conftest.c
conftest.c:11:10: fatal error: 'ac_nonexistent.h' file not found
#include <ac_nonexistent.h>
         ^~~~~~~~~~~~~~~~~~
1 error generated.
configure:7067: $? = 1
configure: failed program was:
| /* confdefs.h */
| #define PACKAGE_NAME ""
| #define PACKAGE_TARNAME ""
| #define PACKAGE_VERSION ""
| #define PACKAGE_STRING ""
| #define PACKAGE_BUGREPORT ""
| #define PACKAGE_URL ""
| #define PACKAGE "zxcc"
| #define VERSION "0.5.7"
| /* end confdefs.h.  */
| #include <ac_nonexistent.h>
configure:7092: result: gcc -E
configure:7112: gcc -E  conftest.c
configure:7112: $? = 0
configure:7126: gcc -E  conftest.c
conftest.c:11:10: fatal error: 'ac_nonexistent.h' file not found
#include <ac_nonexistent.h>
         ^~~~~~~~~~~~~~~~~~
1 error generated.
configure:7126: $? = 1
configure: failed program was:
| /* confdefs.h */
| #define PACKAGE_NAME ""
| #define PACKAGE_TARNAME ""
| #define PACKAGE_VERSION ""
| #define PACKAGE_STRING ""
| #define PACKAGE_BUGREPORT ""
| #define PACKAGE_URL ""
| #define PACKAGE "zxcc"
| #define VERSION "0.5.7"
| /* end confdefs.h.  */
| #include <ac_nonexistent.h>
configure:7155: checking for ANSI C header files
configure:7175: gcc -c -g -O2  conftest.c >&5
configure:7175: $? = 0
configure:7248: gcc -o conftest -g -O2   conftest.c  >&5
configure:7248: $? = 0
configure:7248: ./conftest
configure:7248: $? = 0
configure:7259: result: yes
configure:7272: checking for sys/types.h
configure:7272: gcc -c -g -O2  conftest.c >&5
configure:7272: $? = 0
configure:7272: result: yes
configure:7272: checking for sys/stat.h
configure:7272: gcc -c -g -O2  conftest.c >&5
configure:7272: $? = 0
configure:7272: result: yes
configure:7272: checking for stdlib.h
configure:7272: gcc -c -g -O2  conftest.c >&5
configure:7272: $? = 0
configure:7272: result: yes
configure:7272: checking for string.h
configure:7272: gcc -c -g -O2  conftest.c >&5
configure:7272: $? = 0
configure:7272: result: yes
configure:7272: checking for memory.h
configure:7272: gcc -c -g -O2  conftest.c >&5
configure:7272: $? = 0
configure:7272: result: yes
configure:7272: checking for strings.h
configure:7272: gcc -c -g -O2  conftest.c >&5
configure:7272: $? = 0
configure:7272: result: yes
configure:7272: checking for inttypes.h
configure:7272: gcc -c -g -O2  conftest.c >&5
configure:7272: $? = 0
configure:7272: result: yes
configure:7272: checking for stdint.h
configure:7272: gcc -c -g -O2  conftest.c >&5
configure:7272: $? = 0
configure:7272: result: yes
configure:7272: checking for unistd.h
configure:7272: gcc -c -g -O2  conftest.c >&5
configure:7272: $? = 0
configure:7272: result: yes
configure:7286: checking for dlfcn.h
configure:7286: gcc -c -g -O2  conftest.c >&5
configure:7286: $? = 0
configure:7286: result: yes
configure:7492: checking for objdir
configure:7507: result: .libs
configure:7778: checking if gcc supports -fno-rtti -fno-exceptions
configure:7796: gcc -c -g -O2  -fno-rtti -fno-exceptions conftest.c >&5
configure:7800: $? = 0
configure:7813: result: yes
configure:8140: checking for gcc option to produce PIC
configure:8147: result: -fno-common -DPIC
configure:8155: checking if gcc PIC flag -fno-common -DPIC works
configure:8173: gcc -c -g -O2  -fno-common -DPIC -DPIC conftest.c >&5
configure:8177: $? = 0
configure:8190: result: yes
configure:8219: checking if gcc static flag -static works
configure:8247: result: no
configure:8262: checking if gcc supports -c -o file.o
configure:8283: gcc -c -g -O2  -o out/conftest2.o conftest.c >&5
configure:8287: $? = 0
configure:8309: result: yes
configure:8317: checking if gcc supports -c -o file.o
configure:8364: result: yes
configure:8397: checking whether the gcc linker (/Applications/Xcode.app/Contents/Developer/Toolchains/XcodeDefault.xctoolchain/usr/bin/ld) supports shared libraries
configure:9554: result: yes
configure:9794: checking dynamic linker characteristics
configure:10539: result: darwin17.6.0 dyld
configure:10646: checking how to hardcode library paths into programs
configure:10671: result: immediate
configure:11211: checking whether stripping libraries is possible
configure:11216: result: yes
configure:11251: checking if libtool supports shared libraries
configure:11253: result: yes
configure:11256: checking whether to build shared libraries
configure:11277: result: yes
configure:11280: checking whether to build static libraries
configure:11284: result: yes
configure:11396: checking for gcc
configure:11423: result: gcc
configure:11652: checking for C compiler version
configure:11661: gcc --version >&5
Apple LLVM version 9.1.0 (clang-902.0.39.2)
Target: x86_64-apple-darwin17.6.0
Thread model: posix
InstalledDir: /Applications/Xcode.app/Contents/Developer/Toolchains/XcodeDefault.xctoolchain/usr/bin
Configured with: --prefix=/Applications/Xcode.app/Contents/Developer/usr --with-gxx-include-dir=/Applications/Xcode.app/Contents/Developer/Platforms/MacOSX.platform/Developer/SDKs/MacOSX10.13.sdk/usr/include/c++/4.2.1
configure:11672: $? = 0
configure:11661: gcc -v >&5
Configured with: --prefix=/Applications/Xcode.app/Contents/Developer/usr --with-gxx-include-dir=/Applications/Xcode.app/Contents/Developer/Platforms/MacOSX.platform/Developer/SDKs/MacOSX10.13.sdk/usr/include/c++/4.2.1
Apple LLVM version 9.1.0 (clang-902.0.39.2)
Target: x86_64-apple-darwin17.6.0
Thread model: posix
InstalledDir: /Applications/Xcode.app/Contents/Developer/Toolchains/XcodeDefault.xctoolchain/usr/bin
configure:11672: $? = 0
configure:11661: gcc -V >&5
clang: error: argument to '-V' is missing (expected 1 value)
clang: error: no input files
configure:11672: $? = 1
configure:11661: gcc -qversion >&5
clang: error: unknown argument: '-qversion'
clang: error: no input files
configure:11672: $? = 1
configure:11676: checking whether we are using the GNU C compiler
configure:11704: result: yes
configure:11713: checking whether gcc accepts -g
configure:11774: result: yes
configure:11791: checking for gcc option to accept ISO C89
configure:11868: result: none needed
configure:11890: checking dependency style of gcc
configure:12001: result: gcc3
configure:12171: checking for ANSI C header files
configure:12275: result: yes
configure:12286: checking fcntl.h usability
configure:12286: gcc -c -g -O2  -I/Users/cmayer/micronix/tools/zxcc-0.5.7/cpmredir/include -DZXCC conftest.c >&5
configure:12286: $? = 0
configure:12286: result: yes
configure:12286: checking fcntl.h presence
configure:12286: gcc -E  -I/Users/cmayer/micronix/tools/zxcc-0.5.7/cpmredir/include -DZXCC conftest.c
configure:12286: $? = 0
configure:12286: result: yes
configure:12286: checking for fcntl.h
configure:12286: result: yes
configure:12286: checking for unistd.h
configure:12286: result: yes
configure:12286: checking sys/param.h usability
configure:12286: gcc -c -g -O2  -I/Users/cmayer/micronix/tools/zxcc-0.5.7/cpmredir/include -DZXCC conftest.c >&5
configure:12286: $? = 0
configure:12286: result: yes
configure:12286: checking sys/param.h presence
configure:12286: gcc -E  -I/Users/cmayer/micronix/tools/zxcc-0.5.7/cpmredir/include -DZXCC conftest.c
configure:12286: $? = 0
configure:12286: result: yes
configure:12286: checking for sys/param.h
configure:12286: result: yes
configure:12297: checking for off_t
configure:12297: gcc -c -g -O2  -I/Users/cmayer/micronix/tools/zxcc-0.5.7/cpmredir/include -DZXCC conftest.c >&5
configure:12297: $? = 0
configure:12297: gcc -c -g -O2  -I/Users/cmayer/micronix/tools/zxcc-0.5.7/cpmredir/include -DZXCC conftest.c >&5
conftest.c:63:20: error: expected expression
if (sizeof ((off_t)))
                   ^
1 error generated.
configure:12297: $? = 1
configure: failed program was:
| /* confdefs.h */
| #define PACKAGE_NAME ""
| #define PACKAGE_TARNAME ""
| #define PACKAGE_VERSION ""
| #define PACKAGE_STRING ""
| #define PACKAGE_BUGREPORT ""
| #define PACKAGE_URL ""
| #define PACKAGE "zxcc"
| #define VERSION "0.5.7"
| #define STDC_HEADERS 1
| #define HAVE_SYS_TYPES_H 1
| #define HAVE_SYS_STAT_H 1
| #define HAVE_STDLIB_H 1
| #define HAVE_STRING_H 1
| #define HAVE_MEMORY_H 1
| #define HAVE_STRINGS_H 1
| #define HAVE_INTTYPES_H 1
| #define HAVE_STDINT_H 1
| #define HAVE_UNISTD_H 1
| #define HAVE_DLFCN_H 1
| #define LT_OBJDIR ".libs/"
| #define STDC_HEADERS 1
| #define HAVE_FCNTL_H 1
| #define HAVE_UNISTD_H 1
| #define HAVE_SYS_PARAM_H 1
| /* end confdefs.h.  */
| #include <stdio.h>
| #ifdef HAVE_SYS_TYPES_H
| # include <sys/types.h>
| #endif
| #ifdef HAVE_SYS_STAT_H
| # include <sys/stat.h>
| #endif
| #ifdef STDC_HEADERS
| # include <stdlib.h>
| # include <stddef.h>
| #else
| # ifdef HAVE_STDLIB_H
| #  include <stdlib.h>
| # endif
| #endif
| #ifdef HAVE_STRING_H
| # if !defined STDC_HEADERS && defined HAVE_MEMORY_H
| #  include <memory.h>
| # endif
| # include <string.h>
| #endif
| #ifdef HAVE_STRINGS_H
| # include <strings.h>
| #endif
| #ifdef HAVE_INTTYPES_H
| # include <inttypes.h>
| #endif
| #ifdef HAVE_STDINT_H
| # include <stdint.h>
| #endif
| #ifdef HAVE_UNISTD_H
| # include <unistd.h>
| #endif
| int
| main ()
| {
| if (sizeof ((off_t)))
| 	    return 0;
|   ;
|   return 0;
| }
configure:12297: result: yes
configure:12311: checking for vprintf
configure:12311: gcc -o conftest -g -O2  -I/Users/cmayer/micronix/tools/zxcc-0.5.7/cpmredir/include -DZXCC  -L/Users/cmayer/micronix/tools/zxcc-0.5.7/cpmredir/lib conftest.c  >&5
conftest.c:50:6: warning: incompatible redeclaration of library function 'vprintf' [-Wincompatible-library-redeclaration]
char vprintf ();
     ^
conftest.c:50:6: note: 'vprintf' is a builtin with type 'int (const char *, struct __va_list_tag *)'
1 warning generated.
configure:12311: $? = 0
configure:12311: result: yes
configure:12317: checking for _doprnt
configure:12317: gcc -o conftest -g -O2  -I/Users/cmayer/micronix/tools/zxcc-0.5.7/cpmredir/include -DZXCC  -L/Users/cmayer/micronix/tools/zxcc-0.5.7/cpmredir/lib conftest.c  >&5
Undefined symbols for architecture x86_64:
  "__doprnt", referenced from:
      _main in conftest-8f2112.o
ld: symbol(s) not found for architecture x86_64
clang: error: linker command failed with exit code 1 (use -v to see invocation)
configure:12317: $? = 1
configure: failed program was:
| /* confdefs.h */
| #define PACKAGE_NAME ""
| #define PACKAGE_TARNAME ""
| #define PACKAGE_VERSION ""
| #define PACKAGE_STRING ""
| #define PACKAGE_BUGREPORT ""
| #define PACKAGE_URL ""
| #define PACKAGE "zxcc"
| #define VERSION "0.5.7"
| #define STDC_HEADERS 1
| #define HAVE_SYS_TYPES_H 1
| #define HAVE_SYS_STAT_H 1
| #define HAVE_STDLIB_H 1
| #define HAVE_STRING_H 1
| #define HAVE_MEMORY_H 1
| #define HAVE_STRINGS_H 1
| #define HAVE_INTTYPES_H 1
| #define HAVE_STDINT_H 1
| #define HAVE_UNISTD_H 1
| #define HAVE_DLFCN_H 1
| #define LT_OBJDIR ".libs/"
| #define STDC_HEADERS 1
| #define HAVE_FCNTL_H 1
| #define HAVE_UNISTD_H 1
| #define HAVE_SYS_PARAM_H 1
| #define HAVE_VPRINTF 1
| /* end confdefs.h.  */
| /* Define _doprnt to an innocuous variant, in case <limits.h> declares _doprnt.
|    For example, HP-UX 11i <limits.h> declares gettimeofday.  */
| #define _doprnt innocuous__doprnt
| 
| /* System header to define __stub macros and hopefully few prototypes,
|     which can conflict with char _doprnt (); below.
|     Prefer <limits.h> to <assert.h> if __STDC__ is defined, since
|     <limits.h> exists even on freestanding compilers.  */
| 
| #ifdef __STDC__
| # include <limits.h>
| #else
| # include <assert.h>
| #endif
| 
| #undef _doprnt
| 
| /* Override any GCC internal prototype to avoid an error.
|    Use char because int might match the return type of a GCC
|    builtin and then its argument prototype would still apply.  */
| #ifdef __cplusplus
| extern "C"
| #endif
| char _doprnt ();
| /* The GNU C library defines this for functions which it implements
|     to always fail with ENOSYS.  Some functions are actually named
|     something starting with __ and the normal name is an alias.  */
| #if defined __stub__doprnt || defined __stub____doprnt
| choke me
| #endif
| 
| int
| main ()
| {
| return _doprnt ();
|   ;
|   return 0;
| }
configure:12317: result: no
configure:12330: checking for strstr
configure:12330: gcc -o conftest -g -O2  -I/Users/cmayer/micronix/tools/zxcc-0.5.7/cpmredir/include -DZXCC  -L/Users/cmayer/micronix/tools/zxcc-0.5.7/cpmredir/lib conftest.c  >&5
conftest.c:51:6: warning: incompatible redeclaration of library function 'strstr' [-Wincompatible-library-redeclaration]
char strstr ();
     ^
conftest.c:51:6: note: 'strstr' is a builtin with type 'char *(const char *, const char *)'
1 warning generated.
configure:12330: $? = 0
configure:12330: result: yes
configure:12493: creating ./config.status

## ---------------------- ##
## Running config.status. ##
## ---------------------- ##

This file was extended by config.status, which was
generated by GNU Autoconf 2.68.  Invocation command line was

  CONFIG_FILES    = 
  CONFIG_HEADERS  = 
  CONFIG_LINKS    = 
  CONFIG_COMMANDS = 
  $ ./config.status 

on osxltcmayer.lan

config.status:1096: creating Makefile
config.status:1096: creating bin/Makefile
config.status:1096: creating Z80/Makefile
config.status:1096: creating config.h
config.status:1325: executing depfiles commands
config.status:1325: executing libtool commands
configure:14799: === configuring in cpmredir (/Users/cmayer/micronix/tools/zxcc-0.5.7/cpmredir)
configure:14862: running /bin/sh ./configure --disable-option-checking '--prefix=/usr/local'  '--without-cpmio' --cache-file=/dev/null --srcdir=.

## ---------------- ##
## Cache variables. ##
## ---------------- ##

ac_cv_build=i386-apple-darwin17.6.0
ac_cv_c_compiler_gnu=yes
ac_cv_env_CC_set=
ac_cv_env_CC_value=
ac_cv_env_CFLAGS_set=
ac_cv_env_CFLAGS_value=
ac_cv_env_CPPFLAGS_set=
ac_cv_env_CPPFLAGS_value=
ac_cv_env_CPP_set=
ac_cv_env_CPP_value=
ac_cv_env_LDFLAGS_set=
ac_cv_env_LDFLAGS_value=
ac_cv_env_LIBS_set=
ac_cv_env_LIBS_value=
ac_cv_env_build_alias_set=
ac_cv_env_build_alias_value=
ac_cv_env_host_alias_set=
ac_cv_env_host_alias_value=
ac_cv_env_target_alias_set=
ac_cv_env_target_alias_value=
ac_cv_func__doprnt=no
ac_cv_func_strstr=yes
ac_cv_func_vprintf=yes
ac_cv_header_dlfcn_h=yes
ac_cv_header_fcntl_h=yes
ac_cv_header_inttypes_h=yes
ac_cv_header_memory_h=yes
ac_cv_header_stdc=yes
ac_cv_header_stdint_h=yes
ac_cv_header_stdlib_h=yes
ac_cv_header_string_h=yes
ac_cv_header_strings_h=yes
ac_cv_header_sys_param_h=yes
ac_cv_header_sys_stat_h=yes
ac_cv_header_sys_types_h=yes
ac_cv_header_unistd_h=yes
ac_cv_host=i386-apple-darwin17.6.0
ac_cv_objext=o
ac_cv_path_EGREP='/usr/bin/grep -E'
ac_cv_path_FGREP='/usr/bin/grep -F'
ac_cv_path_GREP=/usr/bin/grep
ac_cv_path_SED=/usr/local/bin/gsed
ac_cv_path_install='/usr/local/bin/ginstall -c'
ac_cv_path_mkdir=/usr/local/bin/gmkdir
ac_cv_prog_AWK=gawk
ac_cv_prog_CPP='gcc -E'
ac_cv_prog_ac_ct_AR=ar
ac_cv_prog_ac_ct_CC=gcc
ac_cv_prog_ac_ct_DSYMUTIL=dsymutil
ac_cv_prog_ac_ct_LIPO=lipo
ac_cv_prog_ac_ct_NMEDIT=nmedit
ac_cv_prog_ac_ct_OBJDUMP=objdump
ac_cv_prog_ac_ct_OTOOL=otool
ac_cv_prog_ac_ct_RANLIB=ranlib
ac_cv_prog_ac_ct_STRIP=strip
ac_cv_prog_cc_c89=
ac_cv_prog_cc_g=yes
ac_cv_prog_make_make_set=yes
ac_cv_type_off_t=yes
am_cv_CC_dependencies_compiler_type=gcc3
lt_cv_apple_cc_single_mod=yes
lt_cv_ar_at_file=@
lt_cv_deplibs_check_method=pass_all
lt_cv_file_magic_cmd='$MAGIC_CMD'
lt_cv_file_magic_test_file=
lt_cv_ld_exported_symbols_list=yes
lt_cv_ld_force_load=yes
lt_cv_ld_reload_flag=-r
lt_cv_nm_interface='BSD nm'
lt_cv_objdir=.libs
lt_cv_path_LD=/Applications/Xcode.app/Contents/Developer/Toolchains/XcodeDefault.xctoolchain/usr/bin/ld
lt_cv_path_NM='/usr/local/bin/nm -B'
lt_cv_path_mainfest_tool=no
lt_cv_prog_compiler_c_o=yes
lt_cv_prog_compiler_pic='-fno-common -DPIC'
lt_cv_prog_compiler_pic_works=yes
lt_cv_prog_compiler_rtti_exceptions=yes
lt_cv_prog_compiler_static_works=no
lt_cv_prog_gnu_ld=no
lt_cv_sharedlib_from_linklib_cmd='printf %s\n'
lt_cv_sys_global_symbol_pipe='sed -n -e '\''s/^.*[	 ]\([ABCDGIRSTW][ABCDGIRSTW]*\)[	 ][	 ]*_\([_A-Za-z][_A-Za-z0-9]*\)$/\1 _\2 \2/p'\'' | sed '\''/ __gnu_lto/d'\'''
lt_cv_sys_global_symbol_to_c_name_address='sed -n -e '\''s/^: \([^ ]*\)[ ]*$/  {\"\1\", (void *) 0},/p'\'' -e '\''s/^[ABCDGIRSTW]* \([^ ]*\) \([^ ]*\)$/  {"\2", (void *) \&\2},/p'\'''
lt_cv_sys_global_symbol_to_c_name_address_lib_prefix='sed -n -e '\''s/^: \([^ ]*\)[ ]*$/  {\"\1\", (void *) 0},/p'\'' -e '\''s/^[ABCDGIRSTW]* \([^ ]*\) \(lib[^ ]*\)$/  {"\2", (void *) \&\2},/p'\'' -e '\''s/^[ABCDGIRSTW]* \([^ ]*\) \([^ ]*\)$/  {"lib\2", (void *) \&\2},/p'\'''
lt_cv_sys_global_symbol_to_cdecl='sed -n -e '\''s/^T .* \(.*\)$/extern int \1();/p'\'' -e '\''s/^[ABCDGIRSTW]* .* \(.*\)$/extern char \1;/p'\'''
lt_cv_sys_max_cmd_len=196608
lt_cv_to_host_file_cmd=func_convert_file_noop
lt_cv_to_tool_file_cmd=func_convert_file_noop

## ----------------- ##
## Output variables. ##
## ----------------- ##

ACLOCAL='${SHELL} /Users/cmayer/micronix/tools/zxcc-0.5.7/config/missing --run aclocal-1.11'
AMDEPBACKSLASH='\'
AMDEP_FALSE='#'
AMDEP_TRUE=''
AMTAR='$${TAR-tar}'
AR='ar'
AUTOCONF='${SHELL} /Users/cmayer/micronix/tools/zxcc-0.5.7/config/missing --run autoconf'
AUTOHEADER='${SHELL} /Users/cmayer/micronix/tools/zxcc-0.5.7/config/missing --run autoheader'
AUTOMAKE='${SHELL} /Users/cmayer/micronix/tools/zxcc-0.5.7/config/missing --run automake-1.11'
AWK='gawk'
CC='gcc'
CCDEPMODE='depmode=gcc3'
CFLAGS='-g -O2'
CPP='gcc -E'
CPPFLAGS=' -I/Users/cmayer/micronix/tools/zxcc-0.5.7/cpmredir/include -DZXCC -DBINDIR80=\"${exec_prefix}/lib/cpm/bin80/\" -DLIBDIR80=\"${exec_prefix}/lib/cpm/lib80/\" -DINCDIR80=\"${exec_prefix}/lib/cpm/include80/\"'
CYGPATH_W='echo'
DEFS='-DHAVE_CONFIG_H'
DEPDIR='.deps'
DLLTOOL='false'
DSYMUTIL='dsymutil'
DUMPBIN=''
ECHO_C='\c'
ECHO_N=''
ECHO_T=''
EGREP='/usr/bin/grep -E'
EXEEXT=''
FGREP='/usr/bin/grep -F'
GREP='/usr/bin/grep'
INSTALL_DATA='${INSTALL} -m 644'
INSTALL_PROGRAM='${INSTALL}'
INSTALL_SCRIPT='${INSTALL}'
INSTALL_STRIP_PROGRAM='$(install_sh) -c -s'
LD='/Applications/Xcode.app/Contents/Developer/Toolchains/XcodeDefault.xctoolchain/usr/bin/ld'
LDFLAGS=' -L/Users/cmayer/micronix/tools/zxcc-0.5.7/cpmredir/lib'
LIBOBJS=''
LIBS='-lcpmredir '
LIBTOOL='$(SHELL) $(top_builddir)/libtool'
LIPO='lipo'
LN_S='ln -s'
LSUBDIRS=' cpmredir'
LTLIBOBJS=''
MAKEINFO='${SHELL} /Users/cmayer/micronix/tools/zxcc-0.5.7/config/missing --run makeinfo'
MANIFEST_TOOL=':'
MKDIR_P='/usr/local/bin/gmkdir -p'
NM='/usr/local/bin/nm -B'
NMEDIT='nmedit'
OBJDUMP='objdump'
OBJEXT='o'
OTOOL64=':'
OTOOL='otool'
PACKAGE='zxcc'
PACKAGE_BUGREPORT=''
PACKAGE_NAME=''
PACKAGE_STRING=''
PACKAGE_TARNAME=''
PACKAGE_URL=''
PACKAGE_VERSION=''
PATH_SEPARATOR=':'
RANLIB='ranlib'
SED='/usr/local/bin/gsed'
SET_MAKE=''
SHELL='/bin/sh'
STRIP='strip'
VERSION='0.5.7'
ac_ct_AR='ar'
ac_ct_CC='gcc'
ac_ct_DUMPBIN=''
am__EXEEXT_FALSE=''
am__EXEEXT_TRUE='#'
am__fastdepCC_FALSE='#'
am__fastdepCC_TRUE=''
am__include='include'
am__isrc=''
am__leading_dot='.'
am__nodep='_no'
am__quote=''
am__tar='$${TAR-tar} chof - "$$tardir"'
am__untar='$${TAR-tar} xf -'
bindir='${exec_prefix}/bin'
build='i386-apple-darwin17.6.0'
build_alias=''
build_cpu='i386'
build_os='darwin17.6.0'
build_vendor='apple'
datadir='${datarootdir}'
datarootdir='${prefix}/share'
docdir='${datarootdir}/doc/${PACKAGE}'
dvidir='${docdir}'
exec_prefix='${prefix}'
host='i386-apple-darwin17.6.0'
host_alias=''
host_cpu='i386'
host_os='darwin17.6.0'
host_vendor='apple'
htmldir='${docdir}'
includedir='${prefix}/include'
infodir='${datarootdir}/info'
install_sh='${SHELL} /Users/cmayer/micronix/tools/zxcc-0.5.7/config/install-sh'
libdir='${exec_prefix}/lib'
libexecdir='${exec_prefix}/libexec'
localedir='${datarootdir}/locale'
localstatedir='${prefix}/var'
mandir='${datarootdir}/man'
mkdir_p='/usr/local/bin/gmkdir -p'
oldincludedir='/usr/include'
pdfdir='${docdir}'
prefix='/usr/local'
program_transform_name='s,x,x,'
psdir='${docdir}'
sbindir='${exec_prefix}/sbin'
sharedstatedir='${prefix}/com'
subdirs='  cpmredir'
sysconfdir='${prefix}/etc'
target_alias=''

## ----------- ##
## confdefs.h. ##
## ----------- ##

/* confdefs.h */
#define PACKAGE_NAME ""
#define PACKAGE_TARNAME ""
#define PACKAGE_VERSION ""
#define PACKAGE_STRING ""
#define PACKAGE_BUGREPORT ""
#define PACKAGE_URL ""
#define PACKAGE "zxcc"
#define VERSION "0.5.7"
#define STDC_HEADERS 1
#define HAVE_SYS_TYPES_H 1
#define HAVE_SYS_STAT_H 1
#define HAVE_STDLIB_H 1
#define HAVE_STRING_H 1
#define HAVE_MEMORY_H 1
#define HAVE_STRINGS_H 1
#define HAVE_INTTYPES_H 1
#define HAVE_STDINT_H 1
#define HAVE_UNISTD_H 1
#define HAVE_DLFCN_H 1
#define LT_OBJDIR ".libs/"
#define STDC_HEADERS 1
#define HAVE_FCNTL_H 1
#define HAVE_UNISTD_H 1
#define HAVE_SYS_PARAM_H 1
#define HAVE_VPRINTF 1
#define HAVE_STRSTR 1

configure: exit 0
