This file contains any messages produced by compilers while
running configure, to aid debugging if configure makes a mistake.

It was created by configure, which was
generated by GNU Autoconf 2.68.  Invocation command line was

  $ ./configure --disable-option-checking --prefix=/usr/local --cache-file=/dev/null --srcdir=.

## --------- ##
## Platform. ##
## --------- ##

hostname = osxltcmayer.lan
uname -m = x86_64
uname -r = 17.6.0
uname -s = Darwin
uname -v = Darwin Kernel Version 17.6.0: Tue May  8 15:22:16 PDT 2018; root:xnu-4570.61.1~1/RELEASE_X86_64

/usr/bin/uname -p = i386
/bin/uname -X     = unknown

/bin/arch              = unknown
/usr/bin/arch -k       = unknown
/usr/convex/getsysinfo = unknown
/usr/bin/hostinfo      = Mach kernel version:
	 Darwin Kernel Version 17.6.0: Tue May  8 15:22:16 PDT 2018; root:xnu-4570.61.1~1/RELEASE_X86_64
Kernel configured for up to 8 processors.
4 processors are physically available.
8 processors are logically available.
Processor type: i486 (Intel 80486)
Processors active: 0 1 2 3 4 5 6 7
Primary memory available: 16.00 gigabytes
Default processor set: 329 tasks, 2070 threads, 8 processors
Load average: 4.44, Mach factor: 3.55
/bin/machine           = unknown
/usr/bin/oslevel       = unknown
/bin/universe          = unknown

PATH: /usr/local/bin
PATH: /usr/bin
PATH: /bin
PATH: /usr/sbin
PATH: /sbin
PATH: /usr/texbin
PATH: /usr/local/go/bin
PATH: /usr/local/munki
PATH: /opt/X11/bin
PATH: /usr/local/git/bin
PATH: /Users/cmayer/bin
PATH: /opt/X11/bin
PATH: /opt/parallax/bin


## ----------- ##
## Core tests. ##
## ----------- ##

configure:2230: checking build system type
configure:2244: result: x86_64-apple-darwin17.6.0
configure:2264: checking host system type
configure:2277: result: x86_64-apple-darwin17.6.0
configure:2318: checking how to print strings
configure:2345: result: printf
configure:2414: checking for gcc
configure:2430: found /usr/bin/gcc
configure:2441: result: gcc
configure:2670: checking for C compiler version
configure:2679: gcc --version >&5
Apple LLVM version 9.1.0 (clang-902.0.39.2)
Target: x86_64-apple-darwin17.6.0
Thread model: posix
InstalledDir: /Applications/Xcode.app/Contents/Developer/Toolchains/XcodeDefault.xctoolchain/usr/bin
Configured with: --prefix=/Applications/Xcode.app/Contents/Developer/usr --with-gxx-include-dir=/Applications/Xcode.app/Contents/Developer/Platforms/MacOSX.platform/Developer/SDKs/MacOSX10.13.sdk/usr/include/c++/4.2.1
configure:2690: $? = 0
configure:2679: gcc -v >&5
Configured with: --prefix=/Applications/Xcode.app/Contents/Developer/usr --with-gxx-include-dir=/Applications/Xcode.app/Contents/Developer/Platforms/MacOSX.platform/Developer/SDKs/MacOSX10.13.sdk/usr/include/c++/4.2.1
Apple LLVM version 9.1.0 (clang-902.0.39.2)
Target: x86_64-apple-darwin17.6.0
Thread model: posix
InstalledDir: /Applications/Xcode.app/Contents/Developer/Toolchains/XcodeDefault.xctoolchain/usr/bin
configure:2690: $? = 0
configure:2679: gcc -V >&5
clang: error: argument to '-V' is missing (expected 1 value)
clang: error: no input files
configure:2690: $? = 1
configure:2679: gcc -qversion >&5
clang: error: unknown argument: '-qversion'
clang: error: no input files
configure:2690: $? = 1
configure:2710: checking whether the C compiler works
configure:2732: gcc    conftest.c  >&5
configure:2736: $? = 0
configure:2784: result: yes
configure:2787: checking for C compiler default output file name
configure:2789: result: a.out
configure:2795: checking for suffix of executables
configure:2802: gcc -o conftest    conftest.c  >&5
configure:2806: $? = 0
configure:2828: result: 
configure:2850: checking whether we are cross compiling
configure:2858: gcc -o conftest    conftest.c  >&5
configure:2862: $? = 0
configure:2869: ./conftest
configure:2873: $? = 0
configure:2888: result: no
configure:2893: checking for suffix of object files
configure:2915: gcc -c   conftest.c >&5
configure:2919: $? = 0
configure:2940: result: o
configure:2944: checking whether we are using the GNU C compiler
configure:2963: gcc -c   conftest.c >&5
configure:2963: $? = 0
configure:2972: result: yes
configure:2981: checking whether gcc accepts -g
configure:3001: gcc -c -g  conftest.c >&5
configure:3001: $? = 0
configure:3042: result: yes
configure:3059: checking for gcc option to accept ISO C89
configure:3123: gcc  -c -g -O2  conftest.c >&5
configure:3123: $? = 0
configure:3136: result: none needed
configure:3156: checking for a sed that does not truncate output
configure:3220: result: /usr/local/bin/gsed
configure:3238: checking for grep that handles long lines and -e
configure:3296: result: /usr/bin/grep
configure:3301: checking for egrep
configure:3363: result: /usr/bin/grep -E
configure:3368: checking for fgrep
configure:3430: result: /usr/bin/grep -F
configure:3465: checking for ld used by gcc
configure:3532: result: /Applications/Xcode.app/Contents/Developer/Toolchains/XcodeDefault.xctoolchain/usr/bin/ld
configure:3539: checking if the linker (/Applications/Xcode.app/Contents/Developer/Toolchains/XcodeDefault.xctoolchain/usr/bin/ld) is GNU ld
configure:3554: result: no
configure:3566: checking for BSD- or MS-compatible name lister (nm)
configure:3615: result: /usr/local/bin/nm -B
configure:3745: checking the name lister (/usr/local/bin/nm -B) interface
configure:3752: gcc -c -g -O2  conftest.c >&5
configure:3755: /usr/local/bin/nm -B "conftest.o"
configure:3758: output
00000000000001d8 B _some_variable
configure:3765: result: BSD nm
configure:3768: checking whether ln -s works
configure:3772: result: yes
configure:3780: checking the maximum length of command line arguments
configure:3910: result: 196608
configure:3927: checking whether the shell understands some XSI constructs
configure:3937: result: yes
configure:3941: checking whether the shell understands "+="
configure:3947: result: yes
configure:3982: checking how to convert x86_64-apple-darwin17.6.0 file names to x86_64-apple-darwin17.6.0 format
configure:4022: result: func_convert_file_noop
configure:4029: checking how to convert x86_64-apple-darwin17.6.0 file names to toolchain format
configure:4049: result: func_convert_file_noop
configure:4056: checking for /Applications/Xcode.app/Contents/Developer/Toolchains/XcodeDefault.xctoolchain/usr/bin/ld option to reload object files
configure:4063: result: -r
configure:4137: checking for objdump
configure:4153: found /usr/local/bin/objdump
configure:4164: result: objdump
configure:4196: checking how to recognize dependent libraries
configure:4398: result: pass_all
configure:4483: checking for dlltool
configure:4513: result: no
configure:4543: checking how to associate runtime and link libraries
configure:4570: result: printf %s\n
configure:4631: checking for ar
configure:4647: found /usr/local/bin/ar
configure:4658: result: ar
configure:4695: checking for archiver @FILE support
configure:4712: gcc -c -g -O2  conftest.c >&5
configure:4712: $? = 0
configure:4715: ar cru libconftest.a @conftest.lst >&5
configure:4718: $? = 0
configure:4723: ar cru libconftest.a @conftest.lst >&5
ar: conftest.o: No such file or directory
configure:4726: $? = 1
configure:4738: result: @
configure:4796: checking for strip
configure:4812: found /usr/local/bin/strip
configure:4823: result: strip
configure:4895: checking for ranlib
configure:4911: found /usr/bin/ranlib
configure:4922: result: ranlib
configure:4999: checking for gawk
configure:5015: found /usr/local/bin/gawk
configure:5026: result: gawk
configure:5066: checking command to parse /usr/local/bin/nm -B output from gcc object
configure:5186: gcc -c -g -O2  conftest.c >&5
configure:5189: $? = 0
configure:5193: /usr/local/bin/nm -B conftest.o \| sed -n -e 's/^.*[ ]\([ABCDGIRSTW][ABCDGIRSTW]*\)[ ][ ]*\([_A-Za-z][_A-Za-z0-9]*\)$/\1 \2 \2/p' | sed '/ __gnu_lto/d' \> conftest.nm
configure:5196: $? = 0
cannot find nm_test_var in conftest.nm
configure:5186: gcc -c -g -O2  conftest.c >&5
configure:5189: $? = 0
configure:5193: /usr/local/bin/nm -B conftest.o \| sed -n -e 's/^.*[ ]\([ABCDGIRSTW][ABCDGIRSTW]*\)[ ][ ]*_\([_A-Za-z][_A-Za-z0-9]*\)$/\1 _\2 \2/p' | sed '/ __gnu_lto/d' \> conftest.nm
configure:5196: $? = 0
configure:5262: gcc -o conftest -g -O2   conftest.c conftstm.o >&5
warning: (x86_64)  could not find object file symbol for symbol _main
configure:5265: $? = 0
configure:5303: result: ok
configure:5340: checking for sysroot
configure:5370: result: no
configure:5626: checking for mt
configure:5656: result: no
configure:5676: checking if : is a manifest tool
configure:5682: : '-?'
configure:5690: result: no
configure:5746: checking for dsymutil
configure:5762: found /usr/bin/dsymutil
configure:5773: result: dsymutil
configure:5838: checking for nmedit
configure:5854: found /usr/bin/nmedit
configure:5865: result: nmedit
configure:5930: checking for lipo
configure:5946: found /usr/bin/lipo
configure:5957: result: lipo
configure:6022: checking for otool
configure:6038: found /usr/bin/otool
configure:6049: result: otool
configure:6114: checking for otool64
configure:6144: result: no
configure:6189: checking for -single_module linker flag
gcc -g -O2  -o libconftest.dylib -dynamiclib -Wl,-single_module conftest.c
configure:6222: result: yes
configure:6225: checking for -exported_symbols_list linker flag
configure:6245: gcc -o conftest -g -O2   -Wl,-exported_symbols_list,conftest.sym conftest.c  >&5
configure:6245: $? = 0
configure:6255: result: yes
configure:6258: checking for -force_load linker flag
gcc -g -O2 -c -o conftest.o conftest.c
ar cru libconftest.a conftest.o
ranlib libconftest.a
gcc -g -O2  -o conftest conftest.c -Wl,-force_load,./libconftest.a
configure:6290: result: yes
configure:6332: checking how to run the C preprocessor
configure:6363: gcc -E  conftest.c
configure:6363: $? = 0
configure:6377: gcc -E  conftest.c
conftest.c:9:10: fatal error: 'ac_nonexistent.h' file not found
#include <ac_nonexistent.h>
         ^~~~~~~~~~~~~~~~~~
1 error generated.
configure:6377: $? = 1
configure: failed program was:
| /* confdefs.h */
| #define PACKAGE_NAME ""
| #define PACKAGE_TARNAME ""
| #define PACKAGE_VERSION ""
| #define PACKAGE_STRING ""
| #define PACKAGE_BUGREPORT ""
| #define PACKAGE_URL ""
| /* end confdefs.h.  */
| #include <ac_nonexistent.h>
configure:6402: result: gcc -E
configure:6422: gcc -E  conftest.c
configure:6422: $? = 0
configure:6436: gcc -E  conftest.c
conftest.c:9:10: fatal error: 'ac_nonexistent.h' file not found
#include <ac_nonexistent.h>
         ^~~~~~~~~~~~~~~~~~
1 error generated.
configure:6436: $? = 1
configure: failed program was:
| /* confdefs.h */
| #define PACKAGE_NAME ""
| #define PACKAGE_TARNAME ""
| #define PACKAGE_VERSION ""
| #define PACKAGE_STRING ""
| #define PACKAGE_BUGREPORT ""
| #define PACKAGE_URL ""
| /* end confdefs.h.  */
| #include <ac_nonexistent.h>
configure:6465: checking for ANSI C header files
configure:6485: gcc -c -g -O2  conftest.c >&5
configure:6485: $? = 0
configure:6558: gcc -o conftest -g -O2   conftest.c  >&5
configure:6558: $? = 0
configure:6558: ./conftest
configure:6558: $? = 0
configure:6569: result: yes
configure:6582: checking for sys/types.h
configure:6582: gcc -c -g -O2  conftest.c >&5
configure:6582: $? = 0
configure:6582: result: yes
configure:6582: checking for sys/stat.h
configure:6582: gcc -c -g -O2  conftest.c >&5
configure:6582: $? = 0
configure:6582: result: yes
configure:6582: checking for stdlib.h
configure:6582: gcc -c -g -O2  conftest.c >&5
configure:6582: $? = 0
configure:6582: result: yes
configure:6582: checking for string.h
configure:6582: gcc -c -g -O2  conftest.c >&5
configure:6582: $? = 0
configure:6582: result: yes
configure:6582: checking for memory.h
configure:6582: gcc -c -g -O2  conftest.c >&5
configure:6582: $? = 0
configure:6582: result: yes
configure:6582: checking for strings.h
configure:6582: gcc -c -g -O2  conftest.c >&5
configure:6582: $? = 0
configure:6582: result: yes
configure:6582: checking for inttypes.h
configure:6582: gcc -c -g -O2  conftest.c >&5
configure:6582: $? = 0
configure:6582: result: yes
configure:6582: checking for stdint.h
configure:6582: gcc -c -g -O2  conftest.c >&5
configure:6582: $? = 0
configure:6582: result: yes
configure:6582: checking for unistd.h
configure:6582: gcc -c -g -O2  conftest.c >&5
configure:6582: $? = 0
configure:6582: result: yes
configure:6596: checking for dlfcn.h
configure:6596: gcc -c -g -O2  conftest.c >&5
configure:6596: $? = 0
configure:6596: result: yes
configure:6802: checking for objdir
configure:6817: result: .libs
configure:7084: checking if gcc supports -fno-rtti -fno-exceptions
configure:7102: gcc -c -g -O2  -fno-rtti -fno-exceptions conftest.c >&5
configure:7106: $? = 0
configure:7119: result: yes
configure:7446: checking for gcc option to produce PIC
configure:7453: result: -fno-common -DPIC
configure:7461: checking if gcc PIC flag -fno-common -DPIC works
configure:7479: gcc -c -g -O2  -fno-common -DPIC -DPIC conftest.c >&5
configure:7483: $? = 0
configure:7496: result: yes
configure:7525: checking if gcc static flag -static works
configure:7553: result: no
configure:7568: checking if gcc supports -c -o file.o
configure:7589: gcc -c -g -O2  -o out/conftest2.o conftest.c >&5
configure:7593: $? = 0
configure:7615: result: yes
configure:7623: checking if gcc supports -c -o file.o
configure:7670: result: yes
configure:7703: checking whether the gcc linker (/Applications/Xcode.app/Contents/Developer/Toolchains/XcodeDefault.xctoolchain/usr/bin/ld) supports shared libraries
configure:8860: result: yes
configure:9100: checking dynamic linker characteristics
configure:9845: result: darwin17.6.0 dyld
configure:9952: checking how to hardcode library paths into programs
configure:9977: result: immediate
configure:10517: checking whether stripping libraries is possible
configure:10522: result: yes
configure:10557: checking if libtool supports shared libraries
configure:10559: result: yes
configure:10562: checking whether to build shared libraries
configure:10583: result: yes
configure:10586: checking whether to build static libraries
configure:10590: result: yes
configure:10645: checking for a BSD-compatible install
configure:10713: result: /usr/local/bin/ginstall -c
configure:10724: checking whether build environment is sane
configure:10774: result: yes
configure:10915: checking for a thread-safe mkdir -p
configure:10954: result: /usr/local/bin/gmkdir -p
configure:10963: checking whether make sets $(MAKE)
configure:10985: result: yes
configure:11015: checking for style of include used by make
configure:11043: result: GNU
configure:11129: checking dependency style of gcc
configure:11240: result: gcc3
configure:11314: checking for gcc
configure:11341: result: gcc
configure:11570: checking for C compiler version
configure:11579: gcc --version >&5
Apple LLVM version 9.1.0 (clang-902.0.39.2)
Target: x86_64-apple-darwin17.6.0
Thread model: posix
InstalledDir: /Applications/Xcode.app/Contents/Developer/Toolchains/XcodeDefault.xctoolchain/usr/bin
Configured with: --prefix=/Applications/Xcode.app/Contents/Developer/usr --with-gxx-include-dir=/Applications/Xcode.app/Contents/Developer/Platforms/MacOSX.platform/Developer/SDKs/MacOSX10.13.sdk/usr/include/c++/4.2.1
configure:11590: $? = 0
configure:11579: gcc -v >&5
Configured with: --prefix=/Applications/Xcode.app/Contents/Developer/usr --with-gxx-include-dir=/Applications/Xcode.app/Contents/Developer/Platforms/MacOSX.platform/Developer/SDKs/MacOSX10.13.sdk/usr/include/c++/4.2.1
Apple LLVM version 9.1.0 (clang-902.0.39.2)
Target: x86_64-apple-darwin17.6.0
Thread model: posix
InstalledDir: /Applications/Xcode.app/Contents/Developer/Toolchains/XcodeDefault.xctoolchain/usr/bin
configure:11590: $? = 0
configure:11579: gcc -V >&5
clang: error: argument to '-V' is missing (expected 1 value)
clang: error: no input files
configure:11590: $? = 1
configure:11579: gcc -qversion >&5
clang: error: unknown argument: '-qversion'
clang: error: no input files
configure:11590: $? = 1
configure:11594: checking whether we are using the GNU C compiler
configure:11622: result: yes
configure:11631: checking whether gcc accepts -g
configure:11692: result: yes
configure:11709: checking for gcc option to accept ISO C89
configure:11786: result: none needed
configure:11811: checking how to run the C preprocessor
configure:11881: result: gcc -E
configure:11901: gcc -E  conftest.c
configure:11901: $? = 0
configure:11915: gcc -E  conftest.c
conftest.c:23:10: fatal error: 'ac_nonexistent.h' file not found
#include <ac_nonexistent.h>
         ^~~~~~~~~~~~~~~~~~
1 error generated.
configure:11915: $? = 1
configure: failed program was:
| /* confdefs.h */
| #define PACKAGE_NAME ""
| #define PACKAGE_TARNAME ""
| #define PACKAGE_VERSION ""
| #define PACKAGE_STRING ""
| #define PACKAGE_BUGREPORT ""
| #define PACKAGE_URL ""
| #define STDC_HEADERS 1
| #define HAVE_SYS_TYPES_H 1
| #define HAVE_SYS_STAT_H 1
| #define HAVE_STDLIB_H 1
| #define HAVE_STRING_H 1
| #define HAVE_MEMORY_H 1
| #define HAVE_STRINGS_H 1
| #define HAVE_INTTYPES_H 1
| #define HAVE_STDINT_H 1
| #define HAVE_UNISTD_H 1
| #define HAVE_DLFCN_H 1
| #define LT_OBJDIR ".libs/"
| #define PACKAGE "cpmio"
| #define VERSION "1.1.1"
| /* end confdefs.h.  */
| #include <ac_nonexistent.h>
configure:11944: checking whether make sets $(MAKE)
configure:11966: result: yes
configure:11976: checking for printw in -lncurses
configure:12001: gcc -o conftest -g -O2   conftest.c -lncurses   >&5
configure:12001: $? = 0
configure:12010: result: yes
configure:12016: checking for printw in -lcurses
configure:12041: gcc -o conftest -g -O2   conftest.c -lcurses  -lncurses  >&5
configure:12041: $? = 0
configure:12050: result: yes
configure:12105: checking for ANSI C header files
configure:12209: result: yes
configure:12220: checking sys/time.h usability
configure:12220: gcc -c -g -O2  conftest.c >&5
configure:12220: $? = 0
configure:12220: result: yes
configure:12220: checking sys/time.h presence
configure:12220: gcc -E  conftest.c
configure:12220: $? = 0
configure:12220: result: yes
configure:12220: checking for sys/time.h
configure:12220: result: yes
configure:12220: checking for unistd.h
configure:12220: result: yes
configure:12233: checking ncurses.h usability
configure:12233: gcc -c -g -O2  conftest.c >&5
configure:12233: $? = 0
configure:12233: result: yes
configure:12233: checking ncurses.h presence
configure:12233: gcc -E  conftest.c
configure:12233: $? = 0
configure:12233: result: yes
configure:12233: checking for ncurses.h
configure:12233: result: yes
configure:12244: checking whether time.h and sys/time.h may both be included
configure:12264: gcc -c -g -O2  conftest.c >&5
configure:12264: $? = 0
configure:12271: result: yes
configure:12280: checking return type of signal handlers
configure:12298: gcc -c -g -O2  conftest.c >&5
conftest.c:34:8: error: indirection requires pointer operand ('void' invalid)
return *(signal (0, 0)) (0) == 1;
       ^~~~~~~~~~~~~~~~~~~~
1 error generated.
configure:12298: $? = 1
configure: failed program was:
| /* confdefs.h */
| #define PACKAGE_NAME ""
| #define PACKAGE_TARNAME ""
| #define PACKAGE_VERSION ""
| #define PACKAGE_STRING ""
| #define PACKAGE_BUGREPORT ""
| #define PACKAGE_URL ""
| #define STDC_HEADERS 1
| #define HAVE_SYS_TYPES_H 1
| #define HAVE_SYS_STAT_H 1
| #define HAVE_STDLIB_H 1
| #define HAVE_STRING_H 1
| #define HAVE_MEMORY_H 1
| #define HAVE_STRINGS_H 1
| #define HAVE_INTTYPES_H 1
| #define HAVE_STDINT_H 1
| #define HAVE_UNISTD_H 1
| #define HAVE_DLFCN_H 1
| #define LT_OBJDIR ".libs/"
| #define PACKAGE "cpmio"
| #define VERSION "1.1.1"
| #define STDC_HEADERS 1
| #define HAVE_SYS_TIME_H 1
| #define HAVE_UNISTD_H 1
| #define HAVE_NCURSES_H 1
| #define TIME_WITH_SYS_TIME 1
| /* end confdefs.h.  */
| #include <sys/types.h>
| #include <signal.h>
| 
| int
| main ()
| {
| return *(signal (0, 0)) (0) == 1;
|   ;
|   return 0;
| }
configure:12305: result: void
configure:12315: checking for select
configure:12315: gcc -o conftest -g -O2   conftest.c -lcurses  -lncurses  >&5
configure:12315: $? = 0
configure:12315: result: yes
configure:12457: creating ./config.status

## ---------------------- ##
## Running config.status. ##
## ---------------------- ##

This file was extended by config.status, which was
generated by GNU Autoconf 2.68.  Invocation command line was

  CONFIG_FILES    = 
  CONFIG_HEADERS  = 
  CONFIG_LINKS    = 
  CONFIG_COMMANDS = 
  $ ./config.status 

on osxltcmayer.lan

config.status:1095: creating Makefile
config.status:1095: creating lib/Makefile
config.status:1095: creating include/Makefile
config.status:1095: creating check/Makefile
config.status:1095: creating config.h
config.status:1324: executing libtool commands
config.status:1324: executing depfiles commands

## ---------------- ##
## Cache variables. ##
## ---------------- ##

ac_cv_build=x86_64-apple-darwin17.6.0
ac_cv_c_compiler_gnu=yes
ac_cv_env_CC_set=
ac_cv_env_CC_value=
ac_cv_env_CFLAGS_set=
ac_cv_env_CFLAGS_value=
ac_cv_env_CPPFLAGS_set=
ac_cv_env_CPPFLAGS_value=
ac_cv_env_CPP_set=
ac_cv_env_CPP_value=
ac_cv_env_LDFLAGS_set=
ac_cv_env_LDFLAGS_value=
ac_cv_env_LIBS_set=
ac_cv_env_LIBS_value=
ac_cv_env_build_alias_set=
ac_cv_env_build_alias_value=
ac_cv_env_host_alias_set=
ac_cv_env_host_alias_value=
ac_cv_env_target_alias_set=
ac_cv_env_target_alias_value=
ac_cv_func_select=yes
ac_cv_header_dlfcn_h=yes
ac_cv_header_inttypes_h=yes
ac_cv_header_memory_h=yes
ac_cv_header_ncurses_h=yes
ac_cv_header_stdc=yes
ac_cv_header_stdint_h=yes
ac_cv_header_stdlib_h=yes
ac_cv_header_string_h=yes
ac_cv_header_strings_h=yes
ac_cv_header_sys_stat_h=yes
ac_cv_header_sys_time_h=yes
ac_cv_header_sys_types_h=yes
ac_cv_header_time=yes
ac_cv_header_unistd_h=yes
ac_cv_host=x86_64-apple-darwin17.6.0
ac_cv_lib_curses_printw=yes
ac_cv_lib_ncurses_printw=yes
ac_cv_objext=o
ac_cv_path_EGREP='/usr/bin/grep -E'
ac_cv_path_FGREP='/usr/bin/grep -F'
ac_cv_path_GREP=/usr/bin/grep
ac_cv_path_SED=/usr/local/bin/gsed
ac_cv_path_install='/usr/local/bin/ginstall -c'
ac_cv_path_mkdir=/usr/local/bin/gmkdir
ac_cv_prog_AWK=gawk
ac_cv_prog_CPP='gcc -E'
ac_cv_prog_ac_ct_AR=ar
ac_cv_prog_ac_ct_CC=gcc
ac_cv_prog_ac_ct_DSYMUTIL=dsymutil
ac_cv_prog_ac_ct_LIPO=lipo
ac_cv_prog_ac_ct_NMEDIT=nmedit
ac_cv_prog_ac_ct_OBJDUMP=objdump
ac_cv_prog_ac_ct_OTOOL=otool
ac_cv_prog_ac_ct_RANLIB=ranlib
ac_cv_prog_ac_ct_STRIP=strip
ac_cv_prog_cc_c89=
ac_cv_prog_cc_g=yes
ac_cv_prog_make_make_set=yes
ac_cv_type_signal=void
am_cv_CC_dependencies_compiler_type=gcc3
lt_cv_apple_cc_single_mod=yes
lt_cv_ar_at_file=@
lt_cv_deplibs_check_method=pass_all
lt_cv_file_magic_cmd='$MAGIC_CMD'
lt_cv_file_magic_test_file=
lt_cv_ld_exported_symbols_list=yes
lt_cv_ld_force_load=yes
lt_cv_ld_reload_flag=-r
lt_cv_nm_interface='BSD nm'
lt_cv_objdir=.libs
lt_cv_path_LD=/Applications/Xcode.app/Contents/Developer/Toolchains/XcodeDefault.xctoolchain/usr/bin/ld
lt_cv_path_NM='/usr/local/bin/nm -B'
lt_cv_path_mainfest_tool=no
lt_cv_prog_compiler_c_o=yes
lt_cv_prog_compiler_pic='-fno-common -DPIC'
lt_cv_prog_compiler_pic_works=yes
lt_cv_prog_compiler_rtti_exceptions=yes
lt_cv_prog_compiler_static_works=no
lt_cv_prog_gnu_ld=no
lt_cv_sharedlib_from_linklib_cmd='printf %s\n'
lt_cv_sys_global_symbol_pipe='sed -n -e '\''s/^.*[	 ]\([ABCDGIRSTW][ABCDGIRSTW]*\)[	 ][	 ]*_\([_A-Za-z][_A-Za-z0-9]*\)$/\1 _\2 \2/p'\'' | sed '\''/ __gnu_lto/d'\'''
lt_cv_sys_global_symbol_to_c_name_address='sed -n -e '\''s/^: \([^ ]*\)[ ]*$/  {\"\1\", (void *) 0},/p'\'' -e '\''s/^[ABCDGIRSTW]* \([^ ]*\) \([^ ]*\)$/  {"\2", (void *) \&\2},/p'\'''
lt_cv_sys_global_symbol_to_c_name_address_lib_prefix='sed -n -e '\''s/^: \([^ ]*\)[ ]*$/  {\"\1\", (void *) 0},/p'\'' -e '\''s/^[ABCDGIRSTW]* \([^ ]*\) \(lib[^ ]*\)$/  {"\2", (void *) \&\2},/p'\'' -e '\''s/^[ABCDGIRSTW]* \([^ ]*\) \([^ ]*\)$/  {"lib\2", (void *) \&\2},/p'\'''
lt_cv_sys_global_symbol_to_cdecl='sed -n -e '\''s/^T .* \(.*\)$/extern int \1();/p'\'' -e '\''s/^[ABCDGIRSTW]* .* \(.*\)$/extern char \1;/p'\'''
lt_cv_sys_max_cmd_len=196608
lt_cv_to_host_file_cmd=func_convert_file_noop
lt_cv_to_tool_file_cmd=func_convert_file_noop

## ----------------- ##
## Output variables. ##
## ----------------- ##

ACLOCAL='${SHELL} /Users/cmayer/micronix/tools/zxcc-0.5.7/cpmio/config/missing --run aclocal-1.11'
AMDEPBACKSLASH='\'
AMDEP_FALSE='#'
AMDEP_TRUE=''
AMTAR='$${TAR-tar}'
AR='ar'
AUTOCONF='${SHELL} /Users/cmayer/micronix/tools/zxcc-0.5.7/cpmio/config/missing --run autoconf'
AUTOHEADER='${SHELL} /Users/cmayer/micronix/tools/zxcc-0.5.7/cpmio/config/missing --run autoheader'
AUTOMAKE='${SHELL} /Users/cmayer/micronix/tools/zxcc-0.5.7/cpmio/config/missing --run automake-1.11'
AWK='gawk'
CC='gcc'
CCDEPMODE='depmode=gcc3'
CFLAGS='-g -O2'
CPP='gcc -E'
CPPFLAGS=''
CYGPATH_W='echo'
DEFS='-DHAVE_CONFIG_H'
DEPDIR='.deps'
DLLTOOL='false'
DSYMUTIL='dsymutil'
DUMPBIN=''
ECHO_C='\c'
ECHO_N=''
ECHO_T=''
EGREP='/usr/bin/grep -E'
EXEEXT=''
FGREP='/usr/bin/grep -F'
GREP='/usr/bin/grep'
INSTALL_DATA='${INSTALL} -m 644'
INSTALL_PROGRAM='${INSTALL}'
INSTALL_SCRIPT='${INSTALL}'
INSTALL_STRIP_PROGRAM='$(install_sh) -c -s'
LD='/Applications/Xcode.app/Contents/Developer/Toolchains/XcodeDefault.xctoolchain/usr/bin/ld'
LDFLAGS=''
LIBOBJS=''
LIBS='-lcurses  -lncurses '
LIBTOOL='$(SHELL) $(top_builddir)/libtool'
LIPO='lipo'
LN_S='ln -s'
LTLIBOBJS=''
MAKEINFO='${SHELL} /Users/cmayer/micronix/tools/zxcc-0.5.7/cpmio/config/missing --run makeinfo'
MANIFEST_TOOL=':'
MKDIR_P='/usr/local/bin/gmkdir -p'
NM='/usr/local/bin/nm -B'
NMEDIT='nmedit'
OBJDUMP='objdump'
OBJEXT='o'
OTOOL64=':'
OTOOL='otool'
PACKAGE='cpmio'
PACKAGE_BUGREPORT=''
PACKAGE_NAME=''
PACKAGE_STRING=''
PACKAGE_TARNAME=''
PACKAGE_URL=''
PACKAGE_VERSION=''
PATH_SEPARATOR=':'
RANLIB='ranlib'
SED='/usr/local/bin/gsed'
SET_MAKE=''
SHELL='/bin/sh'
STRIP='strip'
VERSION='1.1.1'
ac_ct_AR='ar'
ac_ct_CC='gcc'
ac_ct_DUMPBIN=''
am__EXEEXT_FALSE=''
am__EXEEXT_TRUE='#'
am__fastdepCC_FALSE='#'
am__fastdepCC_TRUE=''
am__include='include'
am__isrc=''
am__leading_dot='.'
am__nodep='_no'
am__quote=''
am__tar='$${TAR-tar} chof - "$$tardir"'
am__untar='$${TAR-tar} xf -'
bindir='${exec_prefix}/bin'
build='x86_64-apple-darwin17.6.0'
build_alias=''
build_cpu='x86_64'
build_os='darwin17.6.0'
build_vendor='apple'
datadir='${datarootdir}'
datarootdir='${prefix}/share'
docdir='${datarootdir}/doc/${PACKAGE}'
dvidir='${docdir}'
exec_prefix='${prefix}'
host='x86_64-apple-darwin17.6.0'
host_alias=''
host_cpu='x86_64'
host_os='darwin17.6.0'
host_vendor='apple'
htmldir='${docdir}'
includedir='${prefix}/include'
infodir='${datarootdir}/info'
install_sh='${SHELL} /Users/cmayer/micronix/tools/zxcc-0.5.7/cpmio/config/install-sh'
libdir='${exec_prefix}/lib'
libexecdir='${exec_prefix}/libexec'
localedir='${datarootdir}/locale'
localstatedir='${prefix}/var'
mandir='${datarootdir}/man'
mkdir_p='/usr/local/bin/gmkdir -p'
oldincludedir='/usr/include'
pdfdir='${docdir}'
prefix='/usr/local'
program_transform_name='s,x,x,'
psdir='${docdir}'
sbindir='${exec_prefix}/sbin'
sharedstatedir='${prefix}/com'
sysconfdir='${prefix}/etc'
target_alias=''

## ----------- ##
## confdefs.h. ##
## ----------- ##

/* confdefs.h */
#define PACKAGE_NAME ""
#define PACKAGE_TARNAME ""
#define PACKAGE_VERSION ""
#define PACKAGE_STRING ""
#define PACKAGE_BUGREPORT ""
#define PACKAGE_URL ""
#define STDC_HEADERS 1
#define HAVE_SYS_TYPES_H 1
#define HAVE_SYS_STAT_H 1
#define HAVE_STDLIB_H 1
#define HAVE_STRING_H 1
#define HAVE_MEMORY_H 1
#define HAVE_STRINGS_H 1
#define HAVE_INTTYPES_H 1
#define HAVE_STDINT_H 1
#define HAVE_UNISTD_H 1
#define HAVE_DLFCN_H 1
#define LT_OBJDIR ".libs/"
#define PACKAGE "cpmio"
#define VERSION "1.1.1"
#define STDC_HEADERS 1
#define HAVE_SYS_TIME_H 1
#define HAVE_UNISTD_H 1
#define HAVE_NCURSES_H 1
#define TIME_WITH_SYS_TIME 1
#define RETSIGTYPE void
#define HAVE_SELECT 1

configure: exit 0
