_zzexcp 0
_clset 2
_extval 14
_faction 16
_trmlev 18
_pfirst 208
_zzgobest 210
_tstates 212
_fdefine 402
_cnames 404
_amem 2404
_pstate 5404
_nterms 6358
_pempty 6360
_lkst 6362
_zzclose 9362
_zzrrconf 9364
_mem0 9366
_trmset 17366
_zzmemsz 17746
_lastred 17748
_tbitset 17750
_wsets 17752
_temp1 20152
_prdptr 21102
_indgo 21602
_pres 22552
_ftable 22554
_nstate 22556
_cnamp 22558
_zzsrconf 22560
_mstates 22562
_ftemp 23512
_tokname 23514
_finput 23564
_nlset 23566
_tystate 23568
_zzgoent 24518
_foutput 24520
_nontrst 24522
_nolook 24822
_numbval 24824
_zzacent 24826
_cwp 24828
_defact 24830
_ntstates 25780
_nerrors 26080
